2013-10-28 10:00:25.727 [INFO] Options File(C:\Users\jjv\Documents\x9_assist\xml\options\options.xml) is being opened (com.x9ware.tools.X9Jdom.getXmlDocument:268) 
2013-10-28 10:00:25.761 [INFO] Options file loaded(C:\Users\jjv\Documents\x9_assist\xml\options\options.xml) release(R2.07) (com.x9ware.options.X9OptionsManager.readXmlFile:361) 
2013-10-28 10:00:25.817 [INFO] Branded logo(logoFront) created with imageLength (14217) (com.x9ware.logo.X9Logo.<init>:141) 
2013-10-28 10:00:25.846 [INFO] Branded logo(logoBack) created with imageLength (17427) (com.x9ware.logo.X9Logo.<init>:141) 
2013-10-28 10:00:25.848 [INFO] Micr font parameters set as fontName(PrecisionIdMICR.ttf) exists(true) size(32.55) style(0) transitSymbol(A) amountSymbol(B) onusSymbol(C) dashSymbol(D) (com.x9ware.micr.X9MicrFont.<init>:115) 
2013-10-28 10:00:26.747 [INFO] setting look and feel(Windows) (com.x9ware.swing.X9LookAndFeel.setLookAndFeel:167) 
2013-10-28 10:00:26.767 [INFO] startup: copyFolders completed (com.x9ware.main.X9CopyFolders.copy:164) 
2013-10-28 10:00:26.768 [INFO] license file(C:\Users\jjv\Documents\x9_assist\license\license_20131028_100026_767.xml) is being loaded (com.x9ware.license.X9License.readLicenseFile:206) 
2013-10-28 10:00:26.775 [INFO] Xml license rootName(x9license) (com.x9ware.license.X9License.readLicenseFile:252) 
2013-10-28 10:00:26.776 [INFO] File deleted(C:\Users\jjv\Documents\x9_assist\license\license_20131028_100026_767.xml) (com.x9ware.tools.X9File.delete:118) 
2013-10-28 10:00:26.777 [INFO] license has been loaded with clientName(X9Vision) companyName(X9Ware LLC) type(1) licenseName(X9Vision) entered(2013/09/23) expires(2014/09/23) (com.x9ware.license.X9License.logLicenseInfo:885) 
2013-10-28 10:00:26.777 [INFO] Config file(C:\Users\jjv\Documents\x9_assist\xml\config.xml) is being opened (com.x9ware.tools.X9Jdom.getXmlDocument:268) 
2013-10-28 10:00:26.778 [INFO] Xml configuration file has been loaded(C:\Users\jjv\Documents\x9_assist\xml\config.xml) number of entries(10) (com.x9ware.config.X9ConfigManager.readXmlFile:550) 
2013-10-28 10:00:26.779 [INFO] Mapping file(C:\Users\jjv\Documents\x9_assist\xml\map.xml) is being opened (com.x9ware.tools.X9Jdom.getXmlDocument:268) 
2013-10-28 10:00:26.780 [INFO] Xml mapping file has been loaded(C:\Users\jjv\Documents\x9_assist\xml\map.xml) number of entries(4) (com.x9ware.mapping.X9MappingManager.readXmlFile:174) 
2013-10-28 10:00:26.780 [INFO] Routing file(C:\Users\jjv\Documents\x9_assist\xml\routing.xml) is being opened (com.x9ware.tools.X9Jdom.getXmlDocument:268) 
2013-10-28 10:00:26.781 [INFO] Xml routing file has been loaded(C:\Users\jjv\Documents\x9_assist\xml\routing.xml) number of entries(2) (com.x9ware.routing.X9RoutingManager.readXmlFile:263) 
2013-10-28 10:00:26.781 [INFO] ModCheck file(C:\Users\jjv\Documents\x9_assist\xml\modCheck.xml) is being opened (com.x9ware.tools.X9Jdom.getXmlDocument:268) 
2013-10-28 10:00:26.782 [INFO] Xml modCheck file has been loaded(C:\Users\jjv\Documents\x9_assist\xml\modCheck.xml) number of entries(2) (com.x9ware.modcheck.X9ModCheckManager.readXmlFile:221) 
2013-10-28 10:00:26.831 [INFO] preferences file(C:\Users\jjv\Documents\x9_assist\xml\preferences_R2.07.2013.08.19.xml) is being opened (com.x9ware.tools.X9Jdom.getXmlDocument:268) 
2013-10-28 10:00:26.833 [INFO] preferencesfile (C:\Users\jjv\Documents\x9_assist\xml\preferences_R2.07.2013.08.19.xml) loaded for monitorSize(1920x1080) (com.x9ware.preferences.X9PreferencesXml.readXmlFile:207) 
2013-10-28 10:00:28.529 [INFO] startup: initializeClasses exit (com.x9ware.gui.X9GuiBase.initializeClasses:557) 
2013-10-28 10:00:28.529 [INFO] Folder(x9rules) mapping(C:\Program Files (x86)\X9Ware LLC\X9assist 2.07\rules\x9rules) (com.x9ware.options.X9OptionsManager.logFolderNameDuringStartup:473) 
2013-10-28 10:00:28.529 [INFO] Folder(tiffrules) mapping(C:\Program Files (x86)\X9Ware LLC\X9assist 2.07\rules\tiffrules) (com.x9ware.options.X9OptionsManager.logFolderNameDuringStartup:473) 
2013-10-28 10:00:28.530 [INFO] Folder(messages) mapping(C:\Program Files (x86)\X9Ware LLC\X9assist 2.07\rules\messages) (com.x9ware.options.X9OptionsManager.logFolderNameDuringStartup:473) 
2013-10-28 10:00:28.530 [INFO] Folder(options) mapping(C:\Users\jjv\Documents\x9_assist\xml\options) (com.x9ware.options.X9OptionsManager.logFolderNameDuringStartup:473) 
2013-10-28 10:00:28.530 [INFO] Folder(makeItems) mapping(C:\Users\jjv\Documents\x9_assist\xml\makeItems) (com.x9ware.options.X9OptionsManager.logFolderNameDuringStartup:473) 
2013-10-28 10:00:28.531 [INFO] Folder(scrub) mapping(C:\Users\jjv\Documents\x9_assist\xml\scrub) (com.x9ware.options.X9OptionsManager.logFolderNameDuringStartup:473) 
2013-10-28 10:00:28.531 [INFO] Folder(generate) mapping(C:\Users\jjv\Documents\x9_assist\xml\generate) (com.x9ware.options.X9OptionsManager.logFolderNameDuringStartup:473) 
2013-10-28 10:00:28.531 [INFO] Folder(proportional) mapping(C:\Program Files (x86)\X9Ware LLC\X9assist 2.07\fonts\proportional) (com.x9ware.options.X9OptionsManager.logFolderNameDuringStartup:473) 
2013-10-28 10:00:28.531 [INFO] Folder(nonproportional) mapping(C:\Program Files (x86)\X9Ware LLC\X9assist 2.07\fonts\nonproportional) (com.x9ware.options.X9OptionsManager.logFolderNameDuringStartup:473) 
2013-10-28 10:00:28.532 [INFO] Folder(handwriting) mapping(C:\Program Files (x86)\X9Ware LLC\X9assist 2.07\fonts\handwriting) (com.x9ware.options.X9OptionsManager.logFolderNameDuringStartup:473) 
2013-10-28 10:00:28.532 [INFO] Folder(micr) mapping(C:\Program Files (x86)\X9Ware LLC\X9assist 2.07\fonts\micr) (com.x9ware.options.X9OptionsManager.logFolderNameDuringStartup:473) 
2013-10-28 10:00:28.532 [INFO] Folder(routing) mapping(C:\Users\jjv\Documents\x9_assist\lists\routing) (com.x9ware.options.X9OptionsManager.logFolderNameDuringStartup:473) 
2013-10-28 10:00:28.532 [INFO] Folder(useCases) mapping(C:\Users\jjv\Documents\x9_assist\lists\useCases) (com.x9ware.options.X9OptionsManager.logFolderNameDuringStartup:473) 
2013-10-28 10:00:28.536 [INFO] X9Assist release(R2.07) build(2013.08.19) (com.x9ware.gui.X9GuiStart.initialize:212) 
2013-10-28 10:00:28.536 [INFO] LAUNCH_FOLDER(C:\Program Files (x86)\X9Ware LLC\X9assist 2.07) (com.x9ware.gui.X9GuiStart.initialize:219) 
2013-10-28 10:00:28.536 [INFO] applicationHomeFolder(C:\Users\jjv\Documents\x9_assist) (com.x9ware.gui.X9GuiStart.initialize:220) 
2013-10-28 10:00:28.536 [INFO] isJetCompiled(true) javaHome(C:\Program Files (x86)\X9Ware LLC\X9assist 2.07\rt) javaVersion(1.6.0_43) (com.x9ware.gui.X9GuiStart.initialize:221) 
2013-10-28 10:00:28.537 [INFO] Gui startup environment: Java is64Bit(true) total memory(41,400k) free memory(23,601k) (com.x9ware.gui.X9GuiStart.initialize:229) 
2013-10-28 10:00:28.538 [INFO] Ask once file(C:\Users\jjv\Documents\x9_assist\xml\askOnce.xml) is being opened (com.x9ware.tools.X9Jdom.getXmlDocument:268) 
2013-10-28 10:00:28.538 [INFO] x9 rules file(C:\Program Files (x86)\X9Ware LLC\X9assist 2.07\rules\x9rules\x9rules_x937.xml) is being opened (com.x9ware.tools.X9Jdom.getXmlDocument:268) 
2013-10-28 10:00:28.539 [INFO] Messages file(C:\Program Files (x86)\X9Ware LLC\X9assist 2.07\rules\messages\messages.xml) is being opened (com.x9ware.tools.X9Jdom.getXmlDocument:268) 
2013-10-28 10:00:28.539 [INFO] Options file already loaded(C:\Users\jjv\Documents\x9_assist\xml\options\options.xml) (com.x9ware.options.X9OptionsManager.readXmlFile:234) 
2013-10-28 10:00:28.538 [INFO] Tiff rules file(C:\Program Files (x86)\X9Ware LLC\X9assist 2.07\rules\tiffrules\tiffrules.xml) is being opened (com.x9ware.tools.X9Jdom.getXmlDocument:268) 
2013-10-28 10:00:28.540 [INFO] Xml ask once file has been loaded(C:\Users\jjv\Documents\x9_assist\xml\askOnce.xml) number of entries(0) (com.x9ware.main.X9AskOnce.readXmlFile:294) 
2013-10-28 10:00:28.541 [INFO] xml lookup table(C:\Program Files (x86)\X9Ware LLC\X9assist 2.07\rules\tables\ccdRegion.xml) is being opened (com.x9ware.tools.X9Jdom.getXmlDocument:268) 
2013-10-28 10:00:28.542 [INFO] xml table(C:\Program Files (x86)\X9Ware LLC\X9assist 2.07\rules\tables\ccdRegion.xml) entryCount(7) totalTables(0) (com.x9ware.records.X9XmlTable.readXmlFile:130) 
2013-10-28 10:00:28.542 [INFO] TagManager static has been reset (com.x9ware.tag.X9TagManager.reset:87) 
2013-10-28 10:00:28.542 [INFO] Tiff rules file loaded(C:\Program Files (x86)\X9Ware LLC\X9assist 2.07\rules\tiffrules\tiffrules.xml) (com.x9ware.tiff.X9TiffRules.readXmlFile:204) 
2013-10-28 10:00:28.542 [INFO] xml lookup table(C:\Program Files (x86)\X9Ware LLC\X9assist 2.07\rules\tables\ccdFI.xml) is being opened (com.x9ware.tools.X9Jdom.getXmlDocument:268) 
2013-10-28 10:00:28.543 [INFO] Xml defined error message entries(189) (com.x9ware.message.X9MessageManager.readXmlFile:142) 
2013-10-28 10:00:28.543 [INFO] xml table(C:\Program Files (x86)\X9Ware LLC\X9assist 2.07\rules\tables\ccdFI.xml) entryCount(12) totalTables(1) (com.x9ware.records.X9XmlTable.readXmlFile:130) 
2013-10-28 10:00:28.544 [INFO] startup: task2 completed (com.x9ware.gui.X9GuiBase$2.run:602) 
2013-10-28 10:00:28.545 [INFO] Messages file loaded(C:\Program Files (x86)\X9Ware LLC\X9assist 2.07\rules\messages\messages.xml) (com.x9ware.message.X9MessageManager.readXmlFile:181) 
2013-10-28 10:00:28.545 [INFO] xml base document has been loaded(C:\Program Files (x86)\X9Ware LLC\X9assist 2.07\rules\x9rules\x9rules_x937.xml) (com.x9ware.records.X9Rules.loadBaseRules:410) 
2013-10-28 10:00:28.548 [INFO] x9 rules file loaded(C:\Program Files (x86)\X9Ware LLC\X9assist 2.07\rules\x9rules\x9rules_x937.xml) (com.x9ware.records.X9Rules.readXmlFile:332) 
2013-10-28 10:00:28.548 [INFO] startup: task1 completed (com.x9ware.gui.X9GuiBase$1.run:583) 
2013-10-28 10:00:28.548 [INFO] startup: loadXmlFilesAtStartup exit (com.x9ware.gui.X9GuiBase.loadXmlFilesAtStartup:631) 
2013-10-28 10:00:28.549 [INFO] Check format file(C:\Users\jjv\Documents\x9_assist\xml\checkFormats.xml) is being opened (com.x9ware.tools.X9Jdom.getXmlDocument:268) 
2013-10-28 10:00:29.358 [INFO] Xml checkFormat file has been loaded(C:\Users\jjv\Documents\x9_assist\xml\checkFormats.xml) number of entries(2) (com.x9ware.imaging.X9CheckManager.readXmlFile:530) 
2013-10-28 10:00:29.575 [INFO] resident objects enabled for types 1 10 20 61 70 90 99 (com.x9ware.records.X9RulesManager.setIsTypeSpecificObjectResidentEnabled:577) 
2013-10-28 10:00:29.576 [INFO] file(C:\Users\jjv\Desktop\Deposit.X9) run_Option(0) (com.x9ware.main.X9Driver.<init>:205) 
2013-10-28 10:00:29.576 [INFO] TagManager static has been reset (com.x9ware.tag.X9TagManager.reset:87) 
2013-10-28 10:00:30.012 [INFO] purgeFiles from folder(C:\Users\jjv\Documents\x9_assist\log) retentionDays(2) and calculated expirationDate(2013/10/26) (com.x9ware.tools.X9Folder.purgeFilesFromFolder:162) 
2013-10-28 10:00:30.013 [INFO] after Loader; total memory(37,108k) free memory(3,326k) (com.x9ware.main.X9Driver.logMemoryUsage:731) 
2013-10-28 10:00:30.013 [INFO] Backup fileName for today(C:\Users\jjv\Documents\x9_assist\backup\Backup.XmlFile.20131028.zip) backupFileExists(true) backupOnEveryRun(false) (com.x9ware.tools.X9Backup.runBackup:106) 
2013-10-28 10:00:30.013 [INFO] all image files are closed (com.x9ware.imaging.X9ImageReader.close:637) 
2013-10-28 10:00:30.013 [INFO] purgeFiles from folder(C:\Users\jjv\Documents\x9_assist\backup) retentionDays(10) and calculated expirationDate(2013/10/18) (com.x9ware.tools.X9Folder.purgeFilesFromFolder:162) 
2013-10-28 10:00:30.013 [INFO] purgeFiles filtered fileCount(0) folder(C:\Users\jjv\Documents\x9_assist\log) (com.x9ware.tools.X9Folder.purgeFilesFromFolder:177) 
2013-10-28 10:00:30.013 [INFO] open for file(C:\Users\jjv\Desktop\Deposit.X9) (com.x9ware.imaging.X9ImageReader.open:604) 
2013-10-28 10:00:30.013 [INFO] purgeFiles from folder(C:\Users\jjv\Documents\x9_assist\log) retentionDays(2) and calculated expirationDate(2013/10/26) (com.x9ware.tools.X9Folder.purgeFilesFromFolder:162) 
2013-10-28 10:00:30.014 [INFO] purgeFiles filtered fileCount(0) folder(C:\Users\jjv\Documents\x9_assist\backup) (com.x9ware.tools.X9Folder.purgeFilesFromFolder:177) 
2013-10-28 10:00:30.015 [INFO] file backupCount(0) expired deleteCount(0) (com.x9ware.tools.X9Backup.runBackup:125) 
2013-10-28 10:00:30.015 [INFO] purgeFiles filtered fileCount(0) folder(C:\Users\jjv\Documents\x9_assist\log) (com.x9ware.tools.X9Folder.purgeFilesFromFolder:177) 
2013-10-28 10:00:30.015 [INFO] purgeFiles from folder(C:\Users\jjv\Documents\x9_assist\license) retentionDays(2) and calculated expirationDate(2013/10/26) (com.x9ware.tools.X9Folder.purgeFilesFromFolder:162) 
2013-10-28 10:00:30.015 [INFO] purgeFiles filtered fileCount(0) folder(C:\Users\jjv\Documents\x9_assist\license) (com.x9ware.tools.X9Folder.purgeFilesFromFolder:177) 
2013-10-28 10:00:30.015 [INFO] Read buffer allocated size(2049024) (com.x9ware.base.X9Reader.<init>:275) 
2013-10-28 10:00:30.016 [INFO] purgeFiles from folder(C:\Users\jjv\Documents\x9_assist\reports) retentionDays(3) and calculated expirationDate(2013/10/25) (com.x9ware.tools.X9Folder.purgeFilesFromFolder:162) 
2013-10-28 10:00:30.016 [INFO] FileInputStream opened(C:\Users\jjv\Desktop\Deposit.X9) (com.x9ware.base.X9Reader.<init>:286) 
2013-10-28 10:00:30.016 [INFO] purgeFiles filtered fileCount(0) folder(C:\Users\jjv\Documents\x9_assist\reports) (com.x9ware.tools.X9Folder.purgeFilesFromFolder:177) 
2013-10-28 10:00:30.016 [INFO] purgeFiles from folder(C:\Users\jjv\Documents\x9_assist\reports) retentionDays(3) and calculated expirationDate(2013/10/25) (com.x9ware.tools.X9Folder.purgeFilesFromFolder:162) 
2013-10-28 10:00:30.016 [INFO] File(C:\Users\jjv\Desktop\Deposit.X9) (com.x9ware.event.X9BulletinManager.fireEvent:73) 
2013-10-28 10:00:30.017 [INFO] purgeFiles filtered fileCount(0) folder(C:\Users\jjv\Documents\x9_assist\reports) (com.x9ware.tools.X9Folder.purgeFilesFromFolder:177) 
2013-10-28 10:00:30.017 [INFO] File header contains origination(044000037) destination(044000037) standardLevel(03) (com.x9ware.event.X9BulletinManager.fireEvent:73) 
2013-10-28 10:00:30.018 [INFO] Mapping key(all/all/all/all) structured as(origination/destination/standardsLevel/udcIndicator) (com.x9ware.config.X9Binder.bindToConfiguration:513) 
2013-10-28 10:00:30.018 [INFO] x9 rules file load already loaded(C:\Program Files (x86)\X9Ware LLC\X9assist 2.07\rules\x9rules\x9rules_x937.xml) (com.x9ware.records.X9Rules.readXmlFile:233) 
2013-10-28 10:00:30.018 [INFO] Messages file already loaded(C:\Program Files (x86)\X9Ware LLC\X9assist 2.07\rules\messages\messages.xml) (com.x9ware.message.X9MessageManager.readXmlFile:87) 
2013-10-28 10:00:30.018 [INFO] Tiff rules file already loaded(C:\Program Files (x86)\X9Ware LLC\X9assist 2.07\rules\tiffrules\tiffrules.xml) (com.x9ware.tiff.X9TiffRules.readXmlFile:174) 
2013-10-28 10:00:30.018 [INFO] Options file already loaded(C:\Users\jjv\Documents\x9_assist\xml\options\options.xml) (com.x9ware.options.X9OptionsManager.readXmlFile:234) 
2013-10-28 10:00:30.019 [INFO] Bind to configuration rules(x9.37) successful(yes) (com.x9ware.config.X9ConfigManager.loadXmlConfiguration:197) 
2013-10-28 10:00:30.019 [INFO] Bind to configuration rules(x9.37) (com.x9ware.event.X9BulletinManager.fireEvent:73) 
2013-10-28 10:00:30.019 [INFO] ==> x9rules(C:\Program Files (x86)\X9Ware LLC\X9assist 2.07\rules\x9rules\x9rules_x937.xml) (com.x9ware.config.X9Binder.bindToConfiguration:527) 
2013-10-28 10:00:30.020 [INFO] ==> tiffrules(C:\Program Files (x86)\X9Ware LLC\X9assist 2.07\rules\tiffrules\tiffrules.xml) (com.x9ware.config.X9Binder.bindToConfiguration:527) 
2013-10-28 10:00:30.020 [INFO] ==> messages(C:\Program Files (x86)\X9Ware LLC\X9assist 2.07\rules\messages\messages.xml) (com.x9ware.config.X9Binder.bindToConfiguration:527) 
2013-10-28 10:00:30.020 [INFO] ==> options(C:\Users\jjv\Documents\x9_assist\xml\options\options.xml) (com.x9ware.config.X9Binder.bindToConfiguration:527) 
2013-10-28 10:00:30.020 [SEVERE] field(Record Type) is not numeric; fieldLength(2) hex contents(0000) (com.x9ware.base.X9Reader.getBytesAsNumeric:1115) 
2013-10-28 10:00:30.021 [SEVERE] field(Record Type) is not numeric; fieldLength(2) hex contents(0104) (com.x9ware.base.X9Reader.getBytesAsNumeric:1115) 
2013-10-28 10:00:30.021 [SEVERE] field(Record Type) is not numeric; fieldLength(2) hex contents(0000) (com.x9ware.base.X9Reader.getBytesAsNumeric:1115) 
2013-10-28 10:00:30.021 [SEVERE] field(Record Type) is not numeric; fieldLength(2) hex contents(51B1) (com.x9ware.base.X9Reader.getBytesAsNumeric:1115) 
2013-10-28 10:00:30.021 [SEVERE] field(Record Type) is not numeric; fieldLength(2) hex contents(2ECD) (com.x9ware.base.X9Reader.getBytesAsNumeric:1115) 
2013-10-28 10:00:30.021 [SEVERE] field(Record Type) is not numeric; fieldLength(2) hex contents(E1A1) (com.x9ware.base.X9Reader.getBytesAsNumeric:1115) 
2013-10-28 10:00:30.022 [SEVERE] field(Record Type) is not numeric; fieldLength(2) hex contents(6679) (com.x9ware.base.X9Reader.getBytesAsNumeric:1115) 
2013-10-28 10:00:30.022 [SEVERE] field(Record Type) is not numeric; fieldLength(2) hex contents(C09A) (com.x9ware.base.X9Reader.getBytesAsNumeric:1115) 
2013-10-28 10:00:30.022 [SEVERE] field(Record Type) is not numeric; fieldLength(2) hex contents(413D) (com.x9ware.base.X9Reader.getBytesAsNumeric:1115) 
2013-10-28 10:00:30.023 [SEVERE] field(Record Type) is not numeric; fieldLength(2) hex contents(FFE2) (com.x9ware.base.X9Reader.getBytesAsNumeric:1115) 
2013-10-28 10:00:30.023 [SEVERE] field(Record Type) is not numeric; fieldLength(2) hex contents(4C18) (com.x9ware.base.X9Reader.getBytesAsNumeric:1115) 
2013-10-28 10:00:30.023 [SEVERE] field(Record Type) is not numeric; fieldLength(2) hex contents(B7A5) (com.x9ware.base.X9Reader.getBytesAsNumeric:1115) 
2013-10-28 10:00:30.023 [SEVERE] field(Record Type) is not numeric; fieldLength(2) hex contents(7B4B) (com.x9ware.base.X9Reader.getBytesAsNumeric:1115) 
2013-10-28 10:00:30.023 [SEVERE] field(Record Type) is not numeric; fieldLength(2) hex contents(E8CF) (com.x9ware.base.X9Reader.getBytesAsNumeric:1115) 
2013-10-28 10:00:30.023 [SEVERE] field(Record Type) is not numeric; fieldLength(2) hex contents(C269) (com.x9ware.base.X9Reader.getBytesAsNumeric:1115) 
2013-10-28 10:00:30.024 [SEVERE] field(Record Type) is not numeric; fieldLength(2) hex contents(1821) (com.x9ware.base.X9Reader.getBytesAsNumeric:1115) 
2013-10-28 10:00:30.024 [SEVERE] field(Record Type) is not numeric; fieldLength(2) hex contents(2A90) (com.x9ware.base.X9Reader.getBytesAsNumeric:1115) 
2013-10-28 10:00:30.024 [SEVERE] field(Record Type) is not numeric; fieldLength(2) hex contents(B157) (com.x9ware.base.X9Reader.getBytesAsNumeric:1115) 
2013-10-28 10:00:30.024 [SEVERE] field(Record Type) is not numeric; fieldLength(2) hex contents(EECC) (com.x9ware.base.X9Reader.getBytesAsNumeric:1115) 
2013-10-28 10:00:30.025 [SEVERE] field(Record Type) is not numeric; fieldLength(2) hex contents(FE6F) (com.x9ware.base.X9Reader.getBytesAsNumeric:1115) 
2013-10-28 10:00:30.025 [SEVERE] field(Record Type) is not numeric; fieldLength(2) hex contents(6448) (com.x9ware.base.X9Reader.getBytesAsNumeric:1115) 
2013-10-28 10:00:30.025 [SEVERE] field(Record Type) is not numeric; fieldLength(2) hex contents(DFD0) (com.x9ware.base.X9Reader.getBytesAsNumeric:1115) 
2013-10-28 10:00:30.025 [SEVERE] field(Record Type) is not numeric; fieldLength(2) hex contents(D7BF) (com.x9ware.base.X9Reader.getBytesAsNumeric:1115) 
2013-10-28 10:00:30.025 [SEVERE] field(Record Type) is not numeric; fieldLength(2) hex contents(EBFB) (com.x9ware.base.X9Reader.getBytesAsNumeric:1115) 
2013-10-28 10:00:30.026 [SEVERE] field(Record Type) is not numeric; fieldLength(2) hex contents(5FFB) (com.x9ware.base.X9Reader.getBytesAsNumeric:1115) 
2013-10-28 10:00:30.026 [SEVERE] field(Record Type) is not numeric; fieldLength(2) hex contents(FFF0) (com.x9ware.base.X9Reader.getBytesAsNumeric:1115) 
2013-10-28 10:00:30.026 [SEVERE] field(Record Type) is not numeric; fieldLength(2) hex contents(528F) (com.x9ware.base.X9Reader.getBytesAsNumeric:1115) 
2013-10-28 10:00:30.026 [SEVERE] field(Record Type) is not numeric; fieldLength(2) hex contents(1C6A) (com.x9ware.base.X9Reader.getBytesAsNumeric:1115) 
2013-10-28 10:00:30.026 [SEVERE] field(Record Type) is not numeric; fieldLength(2) hex contents(5FDF) (com.x9ware.base.X9Reader.getBytesAsNumeric:1115) 
2013-10-28 10:00:30.027 [SEVERE] field(Record Type) is not numeric; fieldLength(2) hex contents(0D2D) (com.x9ware.base.X9Reader.getBytesAsNumeric:1115) 
2013-10-28 10:00:30.027 [SEVERE] field(Record Type) is not numeric; fieldLength(2) hex contents(89BE) (com.x9ware.base.X9Reader.getBytesAsNumeric:1115) 
2013-10-28 10:00:30.027 [SEVERE] field(Record Type) is not numeric; fieldLength(2) hex contents(C5C3) (com.x9ware.base.X9Reader.getBytesAsNumeric:1115) 
2013-10-28 10:00:30.027 [SEVERE] field(Record Type) is not numeric; fieldLength(2) hex contents(926E) (com.x9ware.base.X9Reader.getBytesAsNumeric:1115) 
2013-10-28 10:00:30.027 [SEVERE] field(Record Type) is not numeric; fieldLength(2) hex contents(70A5) (com.x9ware.base.X9Reader.getBytesAsNumeric:1115) 
2013-10-28 10:00:30.028 [SEVERE] field(Record Type) is not numeric; fieldLength(2) hex contents(FDFF) (com.x9ware.base.X9Reader.getBytesAsNumeric:1115) 
2013-10-28 10:00:30.028 [SEVERE] field(Record Type) is not numeric; fieldLength(2) hex contents(BB90) (com.x9ware.base.X9Reader.getBytesAsNumeric:1115) 
2013-10-28 10:00:30.028 [SEVERE] field(Record Type) is not numeric; fieldLength(2) hex contents(B061) (com.x9ware.base.X9Reader.getBytesAsNumeric:1115) 
2013-10-28 10:00:30.028 [SEVERE] field(Record Type) is not numeric; fieldLength(2) hex contents(09A6) (com.x9ware.base.X9Reader.getBytesAsNumeric:1115) 
2013-10-28 10:00:30.028 [SEVERE] field(Record Type) is not numeric; fieldLength(2) hex contents(8906) (com.x9ware.base.X9Reader.getBytesAsNumeric:1115) 
2013-10-28 10:00:30.029 [SEVERE] field(Record Type) is not numeric; fieldLength(2) hex contents(8F8E) (com.x9ware.base.X9Reader.getBytesAsNumeric:1115) 
2013-10-28 10:00:30.029 [SEVERE] field(Record Type) is not numeric; fieldLength(2) hex contents(3FB8) (com.x9ware.base.X9Reader.getBytesAsNumeric:1115) 
2013-10-28 10:00:30.029 [SEVERE] field(Record Type) is not numeric; fieldLength(2) hex contents(40A7) (com.x9ware.base.X9Reader.getBytesAsNumeric:1115) 
2013-10-28 10:00:30.029 [SEVERE] field(Record Type) is not numeric; fieldLength(2) hex contents(4E29) (com.x9ware.base.X9Reader.getBytesAsNumeric:1115) 
2013-10-28 10:00:30.029 [SEVERE] field(Record Type) is not numeric; fieldLength(2) hex contents(DAE2) (com.x9ware.base.X9Reader.getBytesAsNumeric:1115) 
2013-10-28 10:00:30.030 [SEVERE] field(Record Type) is not numeric; fieldLength(2) hex contents(9690) (com.x9ware.base.X9Reader.getBytesAsNumeric:1115) 
2013-10-28 10:00:30.030 [SEVERE] field(Record Type) is not numeric; fieldLength(2) hex contents(1BB4) (com.x9ware.base.X9Reader.getBytesAsNumeric:1115) 
2013-10-28 10:00:30.030 [SEVERE] field(Record Type) is not numeric; fieldLength(2) hex contents(5B41) (com.x9ware.base.X9Reader.getBytesAsNumeric:1115) 
2013-10-28 10:00:30.030 [SEVERE] field(Record Type) is not numeric; fieldLength(2) hex contents(2351) (com.x9ware.base.X9Reader.getBytesAsNumeric:1115) 
2013-10-28 10:00:30.031 [SEVERE] field(Record Type) is not numeric; fieldLength(2) hex contents(F639) (com.x9ware.base.X9Reader.getBytesAsNumeric:1115) 
2013-10-28 10:00:30.031 [SEVERE] field(Record Type) is not numeric; fieldLength(2) hex contents(F6C3) (com.x9ware.base.X9Reader.getBytesAsNumeric:1115) 
2013-10-28 10:00:30.031 [SEVERE] field(Record Type) is not numeric; fieldLength(2) hex contents(DD6F) (com.x9ware.base.X9Reader.getBytesAsNumeric:1115) 
2013-10-28 10:00:30.031 [SEVERE] field(Record Type) is not numeric; fieldLength(2) hex contents(21E0) (com.x9ware.base.X9Reader.getBytesAsNumeric:1115) 
2013-10-28 10:00:30.031 [SEVERE] field(Record Type) is not numeric; fieldLength(2) hex contents(3BC7) (com.x9ware.base.X9Reader.getBytesAsNumeric:1115) 
2013-10-28 10:00:30.032 [SEVERE] field(Record Type) is not numeric; fieldLength(2) hex contents(924A) (com.x9ware.base.X9Reader.getBytesAsNumeric:1115) 
2013-10-28 10:00:30.032 [SEVERE] field(Record Type) is not numeric; fieldLength(2) hex contents(1111) (com.x9ware.base.X9Reader.getBytesAsNumeric:1115) 
2013-10-28 10:00:30.032 [SEVERE] field(Record Type) is not numeric; fieldLength(2) hex contents(815C) (com.x9ware.base.X9Reader.getBytesAsNumeric:1115) 
2013-10-28 10:00:30.032 [SEVERE] field(Record Type) is not numeric; fieldLength(2) hex contents(1502) (com.x9ware.base.X9Reader.getBytesAsNumeric:1115) 
2013-10-28 10:00:30.033 [SEVERE] field(Record Type) is not numeric; fieldLength(2) hex contents(B127) (com.x9ware.base.X9Reader.getBytesAsNumeric:1115) 
2013-10-28 10:00:30.033 [SEVERE] field(Record Type) is not numeric; fieldLength(2) hex contents(7F7E) (com.x9ware.base.X9Reader.getBytesAsNumeric:1115) 
2013-10-28 10:00:30.033 [SEVERE] field(Record Type) is not numeric; fieldLength(2) hex contents(C487) (com.x9ware.base.X9Reader.getBytesAsNumeric:1115) 
2013-10-28 10:00:30.033 [SEVERE] field(Record Type) is not numeric; fieldLength(2) hex contents(4F4D) (com.x9ware.base.X9Reader.getBytesAsNumeric:1115) 
2013-10-28 10:00:30.033 [SEVERE] field(Record Type) is not numeric; fieldLength(2) hex contents(AD3F) (com.x9ware.base.X9Reader.getBytesAsNumeric:1115) 
2013-10-28 10:00:30.034 [SEVERE] field(Record Type) is not numeric; fieldLength(2) hex contents(CCFD) (com.x9ware.base.X9Reader.getBytesAsNumeric:1115) 
2013-10-28 10:00:30.034 [SEVERE] field(Record Type) is not numeric; fieldLength(2) hex contents(3A6F) (com.x9ware.base.X9Reader.getBytesAsNumeric:1115) 
2013-10-28 10:00:30.034 [SEVERE] field(Record Type) is not numeric; fieldLength(2) hex contents(B697) (com.x9ware.base.X9Reader.getBytesAsNumeric:1115) 
2013-10-28 10:00:30.034 [SEVERE] field(Record Type) is not numeric; fieldLength(2) hex contents(769C) (com.x9ware.base.X9Reader.getBytesAsNumeric:1115) 
2013-10-28 10:00:30.034 [SEVERE] field(Record Type) is not numeric; fieldLength(2) hex contents(2223) (com.x9ware.base.X9Reader.getBytesAsNumeric:1115) 
2013-10-28 10:00:30.035 [SEVERE] field(Record Type) is not numeric; fieldLength(2) hex contents(67B3) (com.x9ware.base.X9Reader.getBytesAsNumeric:1115) 
2013-10-28 10:00:30.035 [SEVERE] field(Record Type) is not numeric; fieldLength(2) hex contents(2428) (com.x9ware.base.X9Reader.getBytesAsNumeric:1115) 
2013-10-28 10:00:30.035 [SEVERE] field(Record Type) is not numeric; fieldLength(2) hex contents(BF7A) (com.x9ware.base.X9Reader.getBytesAsNumeric:1115) 
2013-10-28 10:00:30.035 [SEVERE] field(Record Type) is not numeric; fieldLength(2) hex contents(FB23) (com.x9ware.base.X9Reader.getBytesAsNumeric:1115) 
2013-10-28 10:00:30.035 [SEVERE] field(Record Type) is not numeric; fieldLength(2) hex contents(EF5B) (com.x9ware.base.X9Reader.getBytesAsNumeric:1115) 
2013-10-28 10:00:30.036 [SEVERE] field(Record Type) is not numeric; fieldLength(2) hex contents(F75E) (com.x9ware.base.X9Reader.getBytesAsNumeric:1115) 
2013-10-28 10:00:30.036 [SEVERE] field(Record Type) is not numeric; fieldLength(2) hex contents(0CF4) (com.x9ware.base.X9Reader.getBytesAsNumeric:1115) 
2013-10-28 10:00:30.036 [SEVERE] field(Record Type) is not numeric; fieldLength(2) hex contents(6E3D) (com.x9ware.base.X9Reader.getBytesAsNumeric:1115) 
2013-10-28 10:00:30.036 [SEVERE] field(Record Type) is not numeric; fieldLength(2) hex contents(F085) (com.x9ware.base.X9Reader.getBytesAsNumeric:1115) 
2013-10-28 10:00:30.037 [SEVERE] field(Record Type) is not numeric; fieldLength(2) hex contents(FFD2) (com.x9ware.base.X9Reader.getBytesAsNumeric:1115) 
2013-10-28 10:00:30.037 [SEVERE] field(Record Type) is not numeric; fieldLength(2) hex contents(FFFF) (com.x9ware.base.X9Reader.getBytesAsNumeric:1115) 
2013-10-28 10:00:30.037 [SEVERE] field(Record Type) is not numeric; fieldLength(2) hex contents(1111) (com.x9ware.base.X9Reader.getBytesAsNumeric:1115) 
2013-10-28 10:00:30.037 [SEVERE] field(Record Type) is not numeric; fieldLength(2) hex contents(5041) (com.x9ware.base.X9Reader.getBytesAsNumeric:1115) 
2013-10-28 10:00:30.037 [SEVERE] field(Record Type) is not numeric; fieldLength(2) hex contents(A7AF) (com.x9ware.base.X9Reader.getBytesAsNumeric:1115) 
2013-10-28 10:00:30.038 [SEVERE] field(Record Type) is not numeric; fieldLength(2) hex contents(D7EE) (com.x9ware.base.X9Reader.getBytesAsNumeric:1115) 
2013-10-28 10:00:30.038 [SEVERE] field(Record Type) is not numeric; fieldLength(2) hex contents(D277) (com.x9ware.base.X9Reader.getBytesAsNumeric:1115) 
2013-10-28 10:00:30.038 [SEVERE] field(Record Type) is not numeric; fieldLength(2) hex contents(AFFB) (com.x9ware.base.X9Reader.getBytesAsNumeric:1115) 
2013-10-28 10:00:30.038 [SEVERE] field(Record Type) is not numeric; fieldLength(2) hex contents(6126) (com.x9ware.base.X9Reader.getBytesAsNumeric:1115) 
2013-10-28 10:00:30.038 [SEVERE] field(Record Type) is not numeric; fieldLength(2) hex contents(0CBD) (com.x9ware.base.X9Reader.getBytesAsNumeric:1115) 
2013-10-28 10:00:30.039 [SEVERE] field(Record Type) is not numeric; fieldLength(2) hex contents(358D) (com.x9ware.base.X9Reader.getBytesAsNumeric:1115) 
2013-10-28 10:00:30.039 [SEVERE] field(Record Type) is not numeric; fieldLength(2) hex contents(8906) (com.x9ware.base.X9Reader.getBytesAsNumeric:1115) 
2013-10-28 10:00:30.039 [SEVERE] field(Record Type) is not numeric; fieldLength(2) hex contents(441A) (com.x9ware.base.X9Reader.getBytesAsNumeric:1115) 
2013-10-28 10:00:30.039 [SEVERE] field(Record Type) is not numeric; fieldLength(2) hex contents(A8DD) (com.x9ware.base.X9Reader.getBytesAsNumeric:1115) 
2013-10-28 10:00:30.039 [SEVERE] field(Record Type) is not numeric; fieldLength(2) hex contents(6A68) (com.x9ware.base.X9Reader.getBytesAsNumeric:1115) 
2013-10-28 10:00:30.040 [SEVERE] field(Record Type) is not numeric; fieldLength(2) hex contents(F913) (com.x9ware.base.X9Reader.getBytesAsNumeric:1115) 
2013-10-28 10:00:30.040 [SEVERE] field(Record Type) is not numeric; fieldLength(2) hex contents(B5AD) (com.x9ware.base.X9Reader.getBytesAsNumeric:1115) 
2013-10-28 10:00:30.040 [SEVERE] field(Record Type) is not numeric; fieldLength(2) hex contents(B1D9) (com.x9ware.base.X9Reader.getBytesAsNumeric:1115) 
2013-10-28 10:00:30.040 [SEVERE] field(Record Type) is not numeric; fieldLength(2) hex contents(93FC) (com.x9ware.base.X9Reader.getBytesAsNumeric:1115) 
2013-10-28 10:00:30.040 [SEVERE] field(Record Type) is not numeric; fieldLength(2) hex contents(5F7F) (com.x9ware.base.X9Reader.getBytesAsNumeric:1115) 
2013-10-28 10:00:30.041 [SEVERE] field(Record Type) is not numeric; fieldLength(2) hex contents(EB6A) (com.x9ware.base.X9Reader.getBytesAsNumeric:1115) 
2013-10-28 10:00:30.041 [SEVERE] invalid record count limit reached and will now abort (com.x9ware.base.X9Reader.readRecord:603) 
2013-10-28 10:00:30.041 [INFO] Number of items added to X9Object Arraylist = 110 (com.x9ware.main.X9Loader.loadFile:254) 
2013-10-28 10:00:30.041 [INFO] Number of times that input x9 Ebcdic data was stored(0) (com.x9ware.main.X9Loader.loadFile:259) 
2013-10-28 10:00:30.042 [INFO] Size(5 mb) character set(Ascii) field zero lengths(no) file timestamp(Mon Oct 28 10:00:11 MDT 2013) (com.x9ware.event.X9BulletinManager.fireEvent:73) 
2013-10-28 10:00:30.042 [INFO] File header creation date(20131028) time(0000) modifier() (com.x9ware.event.X9BulletinManager.fireEvent:73) 
2013-10-28 10:00:30.043 [INFO] Tag treeMap entries found(0) created (0) updated(0) (com.x9ware.tag.X9TagManager.close:94) 
2013-10-28 10:00:30.043 [INFO] after Loader; total memory(43,252k) free memory(3,895k) (com.x9ware.main.X9Driver.logMemoryUsage:731) 
2013-10-28 10:00:30.043 [INFO] after Reporter; total memory(43,252k) free memory(3,895k) (com.x9ware.main.X9Driver.logMemoryUsage:731) 
2013-10-28 10:00:30.043 [INFO] Gui refreshPanels entered(Mon Oct 28 10:00:30 MDT 2013) (com.x9ware.gui.X9GuiRun.refreshPanels:539) 
2013-10-28 10:00:30.044 [INFO] Number of x9 records(110) (com.x9ware.base.X9ObjectManager.propagateCountsAndAmounts:306) 
2013-10-28 10:00:30.044 [INFO] Gui propogation completed(Mon Oct 28 10:00:30 MDT 2013) (com.x9ware.gui.X9GuiRun.refreshPanels:554) 
2013-10-28 10:00:30.044 [INFO] Number of nodes(4) in tree(ICL Viewer) (com.x9ware.ui.X9TreeUi.refreshTree:503) 
2013-10-28 10:00:30.046 [INFO] Gui icl tree refreshed(Mon Oct 28 10:00:30 MDT 2013) (com.x9ware.gui.X9GuiRun.refreshPanels:573) 
2013-10-28 10:00:30.073 [INFO] Gui record type report completed(Mon Oct 28 10:00:30 MDT 2013) (com.x9ware.gui.X9GuiRun.refreshPanels:627) 
2013-10-28 10:00:30.074 [INFO] Error maps created(0) and updated(0) summary errorMaps created(0) and updated(0) (com.x9ware.error.X9ErrorManager.logMetrics:476) 
2013-10-28 10:00:30.076 [INFO] No validations were performed: please consider an upgrade to X9Validator or X9Assist (com.x9ware.event.X9BulletinManager.fireEvent:73) 
2013-10-28 10:00:30.982 [INFO] Gui refreshPanels exit(Mon Oct 28 10:00:30 MDT 2013) (com.x9ware.gui.X9GuiRun.refreshPanels:766) 
2013-10-28 10:00:30.982 [INFO] after Reporter; total memory(82,164k) free memory(5,819k) (com.x9ware.main.X9Driver.logMemoryUsage:731) 
2013-10-28 10:00:30.982 [INFO] after Overall Run; total memory(82,164k) free memory(5,803k) (com.x9ware.main.X9Driver.logMemoryUsage:731) 
2013-10-28 10:00:30.982 [INFO] driver completed(successful) (com.x9ware.main.X9Driver$1.run:269) 
2013-10-28 10:00:34.427 [INFO] X9Exit entered returnCode(0) reason(normal completion) (com.x9ware.system.X9Exit.issueSystemExit:90) 
2013-10-28 10:00:34.428 [INFO] shutdownEvent entered (com.x9ware.gui.X9GuiShutdown.shutdownEvent:89) 
2013-10-28 10:00:34.428 [INFO] shutdown initiated (com.x9ware.gui.X9GuiShutdown.finish:124) 
2013-10-28 10:00:34.429 [INFO] closed(C:\Users\jjv\Desktop\Deposit.X9) poolEntries(0) (com.x9ware.imaging.X9ImageReader.close:641) 
2013-10-28 10:00:34.429 [INFO] populateNearbyCachePerformed(0) populateNearbyCacheBypassed(0) (com.x9ware.imaging.X9ImageReader.logStatistics:679) 
2013-10-28 10:00:34.431 [INFO] preferences file has been written(C:\Users\jjv\Documents\x9_assist\xml\preferences_R2.07.2013.08.19.xml) (com.x9ware.tools.X9Jdom.putXmlDocument:556) 
2013-10-28 10:00:34.431 [INFO] purgeFiles from folder(C:\Users\jjv\Documents\x9_assist\xml) retentionDays(7) and calculated expirationDate(2013/10/21) (com.x9ware.tools.X9Folder.purgeFilesFromFolder:162) 
2013-10-28 10:00:34.433 [INFO] purgeFiles filtered fileCount(0) folder(C:\Users\jjv\Documents\x9_assist\xml) (com.x9ware.tools.X9Folder.purgeFilesFromFolder:177) 
2013-10-28 10:00:34.433 [INFO] purgeFiles from folder(C:\Users\jjv\Documents\x9_assist\xml) retentionDays(7) and calculated expirationDate(2013/10/21) (com.x9ware.tools.X9Folder.purgeFilesFromFolder:162) 
2013-10-28 10:00:34.435 [INFO] purgeFiles filtered fileCount(0) folder(C:\Users\jjv\Documents\x9_assist\xml) (com.x9ware.tools.X9Folder.purgeFilesFromFolder:177) 
2013-10-28 10:00:34.435 [INFO] imageCache hits(0) misses(0) puts(0) (com.x9ware.imaging.X9ImageCache.logStatistics:166) 
2013-10-28 10:00:34.435 [INFO] fontCache hits(169) misses(4) puts(4) (com.x9ware.tools.X9FontCache.logStatistics:160) 
2013-10-28 10:00:34.435 [INFO] font load requests(3) loads from folders(1) load fails(0) (com.x9ware.tools.X9FontManager.logStatistics:288) 
2013-10-28 10:00:34.437 [INFO] threadPool shutdown complete; largestPoolSize(10) completedTaskCount(14) activeThreads(0) (com.x9ware.tools.X9ThreadPool.poolShutdown:114) 
2013-10-28 10:00:34.437 [INFO] log handler list located(java.util.logging.LogManager$RootLogger@10078648) (com.x9ware.logging.X9LogJdk.close:218) 
2013-10-28 10:00:34.437 [INFO] log closed (com.x9ware.logging.X9LogJdk.close:229) 
