2013-10-28 10:00:48.984 [INFO] Options File(C:\Users\jjv\Documents\x9_assist\xml\options\options.xml) is being opened (com.x9ware.tools.X9Jdom.getXmlDocument:268) 
2013-10-28 10:00:49.018 [INFO] Options file loaded(C:\Users\jjv\Documents\x9_assist\xml\options\options.xml) release(R2.07) (com.x9ware.options.X9OptionsManager.readXmlFile:361) 
2013-10-28 10:00:49.072 [INFO] Branded logo(logoFront) created with imageLength (14217) (com.x9ware.logo.X9Logo.<init>:141) 
2013-10-28 10:00:49.101 [INFO] Branded logo(logoBack) created with imageLength (17427) (com.x9ware.logo.X9Logo.<init>:141) 
2013-10-28 10:00:49.102 [INFO] Micr font parameters set as fontName(PrecisionIdMICR.ttf) exists(true) size(32.55) style(0) transitSymbol(A) amountSymbol(B) onusSymbol(C) dashSymbol(D) (com.x9ware.micr.X9MicrFont.<init>:115) 
2013-10-28 10:00:49.969 [INFO] setting look and feel(Windows) (com.x9ware.swing.X9LookAndFeel.setLookAndFeel:167) 
2013-10-28 10:00:49.987 [INFO] startup: copyFolders completed (com.x9ware.main.X9CopyFolders.copy:164) 
2013-10-28 10:00:49.989 [INFO] license file(C:\Users\jjv\Documents\x9_assist\license\license_20131028_100049_988.xml) is being loaded (com.x9ware.license.X9License.readLicenseFile:206) 
2013-10-28 10:00:49.996 [INFO] Xml license rootName(x9license) (com.x9ware.license.X9License.readLicenseFile:252) 
2013-10-28 10:00:49.998 [INFO] File deleted(C:\Users\jjv\Documents\x9_assist\license\license_20131028_100049_988.xml) (com.x9ware.tools.X9File.delete:118) 
2013-10-28 10:00:49.998 [INFO] license has been loaded with clientName(X9Vision) companyName(X9Ware LLC) type(1) licenseName(X9Vision) entered(2013/09/23) expires(2014/09/23) (com.x9ware.license.X9License.logLicenseInfo:885) 
2013-10-28 10:00:49.998 [INFO] Config file(C:\Users\jjv\Documents\x9_assist\xml\config.xml) is being opened (com.x9ware.tools.X9Jdom.getXmlDocument:268) 
2013-10-28 10:00:49.999 [INFO] Xml configuration file has been loaded(C:\Users\jjv\Documents\x9_assist\xml\config.xml) number of entries(10) (com.x9ware.config.X9ConfigManager.readXmlFile:550) 
2013-10-28 10:00:50.000 [INFO] Mapping file(C:\Users\jjv\Documents\x9_assist\xml\map.xml) is being opened (com.x9ware.tools.X9Jdom.getXmlDocument:268) 
2013-10-28 10:00:50.001 [INFO] Xml mapping file has been loaded(C:\Users\jjv\Documents\x9_assist\xml\map.xml) number of entries(4) (com.x9ware.mapping.X9MappingManager.readXmlFile:174) 
2013-10-28 10:00:50.001 [INFO] Routing file(C:\Users\jjv\Documents\x9_assist\xml\routing.xml) is being opened (com.x9ware.tools.X9Jdom.getXmlDocument:268) 
2013-10-28 10:00:50.002 [INFO] Xml routing file has been loaded(C:\Users\jjv\Documents\x9_assist\xml\routing.xml) number of entries(2) (com.x9ware.routing.X9RoutingManager.readXmlFile:263) 
2013-10-28 10:00:50.003 [INFO] ModCheck file(C:\Users\jjv\Documents\x9_assist\xml\modCheck.xml) is being opened (com.x9ware.tools.X9Jdom.getXmlDocument:268) 
2013-10-28 10:00:50.004 [INFO] Xml modCheck file has been loaded(C:\Users\jjv\Documents\x9_assist\xml\modCheck.xml) number of entries(2) (com.x9ware.modcheck.X9ModCheckManager.readXmlFile:221) 
2013-10-28 10:00:50.056 [INFO] preferences file(C:\Users\jjv\Documents\x9_assist\xml\preferences_R2.07.2013.08.19.xml) is being opened (com.x9ware.tools.X9Jdom.getXmlDocument:268) 
2013-10-28 10:00:50.058 [INFO] preferencesfile (C:\Users\jjv\Documents\x9_assist\xml\preferences_R2.07.2013.08.19.xml) loaded for monitorSize(1920x1080) (com.x9ware.preferences.X9PreferencesXml.readXmlFile:207) 
2013-10-28 10:00:51.417 [INFO] startup: initializeClasses exit (com.x9ware.gui.X9GuiBase.initializeClasses:557) 
2013-10-28 10:00:51.418 [INFO] Folder(x9rules) mapping(C:\Program Files (x86)\X9Ware LLC\X9assist 2.07\rules\x9rules) (com.x9ware.options.X9OptionsManager.logFolderNameDuringStartup:473) 
2013-10-28 10:00:51.418 [INFO] Folder(tiffrules) mapping(C:\Program Files (x86)\X9Ware LLC\X9assist 2.07\rules\tiffrules) (com.x9ware.options.X9OptionsManager.logFolderNameDuringStartup:473) 
2013-10-28 10:00:51.418 [INFO] Folder(messages) mapping(C:\Program Files (x86)\X9Ware LLC\X9assist 2.07\rules\messages) (com.x9ware.options.X9OptionsManager.logFolderNameDuringStartup:473) 
2013-10-28 10:00:51.418 [INFO] Folder(options) mapping(C:\Users\jjv\Documents\x9_assist\xml\options) (com.x9ware.options.X9OptionsManager.logFolderNameDuringStartup:473) 
2013-10-28 10:00:51.419 [INFO] Folder(makeItems) mapping(C:\Users\jjv\Documents\x9_assist\xml\makeItems) (com.x9ware.options.X9OptionsManager.logFolderNameDuringStartup:473) 
2013-10-28 10:00:51.419 [INFO] Folder(scrub) mapping(C:\Users\jjv\Documents\x9_assist\xml\scrub) (com.x9ware.options.X9OptionsManager.logFolderNameDuringStartup:473) 
2013-10-28 10:00:51.419 [INFO] Folder(generate) mapping(C:\Users\jjv\Documents\x9_assist\xml\generate) (com.x9ware.options.X9OptionsManager.logFolderNameDuringStartup:473) 
2013-10-28 10:00:51.419 [INFO] Folder(proportional) mapping(C:\Program Files (x86)\X9Ware LLC\X9assist 2.07\fonts\proportional) (com.x9ware.options.X9OptionsManager.logFolderNameDuringStartup:473) 
2013-10-28 10:00:51.420 [INFO] Folder(nonproportional) mapping(C:\Program Files (x86)\X9Ware LLC\X9assist 2.07\fonts\nonproportional) (com.x9ware.options.X9OptionsManager.logFolderNameDuringStartup:473) 
2013-10-28 10:00:51.420 [INFO] Folder(handwriting) mapping(C:\Program Files (x86)\X9Ware LLC\X9assist 2.07\fonts\handwriting) (com.x9ware.options.X9OptionsManager.logFolderNameDuringStartup:473) 
2013-10-28 10:00:51.420 [INFO] Folder(micr) mapping(C:\Program Files (x86)\X9Ware LLC\X9assist 2.07\fonts\micr) (com.x9ware.options.X9OptionsManager.logFolderNameDuringStartup:473) 
2013-10-28 10:00:51.420 [INFO] Folder(routing) mapping(C:\Users\jjv\Documents\x9_assist\lists\routing) (com.x9ware.options.X9OptionsManager.logFolderNameDuringStartup:473) 
2013-10-28 10:00:51.421 [INFO] Folder(useCases) mapping(C:\Users\jjv\Documents\x9_assist\lists\useCases) (com.x9ware.options.X9OptionsManager.logFolderNameDuringStartup:473) 
2013-10-28 10:00:51.424 [INFO] X9Assist release(R2.07) build(2013.08.19) (com.x9ware.gui.X9GuiStart.initialize:212) 
2013-10-28 10:00:51.424 [INFO] LAUNCH_FOLDER(C:\Program Files (x86)\X9Ware LLC\X9assist 2.07) (com.x9ware.gui.X9GuiStart.initialize:219) 
2013-10-28 10:00:51.424 [INFO] applicationHomeFolder(C:\Users\jjv\Documents\x9_assist) (com.x9ware.gui.X9GuiStart.initialize:220) 
2013-10-28 10:00:51.425 [INFO] isJetCompiled(true) javaHome(C:\Program Files (x86)\X9Ware LLC\X9assist 2.07\rt) javaVersion(1.6.0_43) (com.x9ware.gui.X9GuiStart.initialize:221) 
2013-10-28 10:00:51.425 [INFO] Gui startup environment: Java is64Bit(true) total memory(37,156k) free memory(12,718k) (com.x9ware.gui.X9GuiStart.initialize:229) 
2013-10-28 10:00:51.426 [INFO] Ask once file(C:\Users\jjv\Documents\x9_assist\xml\askOnce.xml) is being opened (com.x9ware.tools.X9Jdom.getXmlDocument:268) 
2013-10-28 10:00:51.426 [INFO] x9 rules file(C:\Program Files (x86)\X9Ware LLC\X9assist 2.07\rules\x9rules\x9rules_x937.xml) is being opened (com.x9ware.tools.X9Jdom.getXmlDocument:268) 
2013-10-28 10:00:51.426 [INFO] Tiff rules file(C:\Program Files (x86)\X9Ware LLC\X9assist 2.07\rules\tiffrules\tiffrules.xml) is being opened (com.x9ware.tools.X9Jdom.getXmlDocument:268) 
2013-10-28 10:00:51.427 [INFO] Messages file(C:\Program Files (x86)\X9Ware LLC\X9assist 2.07\rules\messages\messages.xml) is being opened (com.x9ware.tools.X9Jdom.getXmlDocument:268) 
2013-10-28 10:00:51.427 [INFO] Options file already loaded(C:\Users\jjv\Documents\x9_assist\xml\options\options.xml) (com.x9ware.options.X9OptionsManager.readXmlFile:234) 
2013-10-28 10:00:51.428 [INFO] Xml ask once file has been loaded(C:\Users\jjv\Documents\x9_assist\xml\askOnce.xml) number of entries(0) (com.x9ware.main.X9AskOnce.readXmlFile:294) 
2013-10-28 10:00:51.429 [INFO] xml lookup table(C:\Program Files (x86)\X9Ware LLC\X9assist 2.07\rules\tables\ccdRegion.xml) is being opened (com.x9ware.tools.X9Jdom.getXmlDocument:268) 
2013-10-28 10:00:51.430 [INFO] TagManager static has been reset (com.x9ware.tag.X9TagManager.reset:87) 
2013-10-28 10:00:51.430 [INFO] xml table(C:\Program Files (x86)\X9Ware LLC\X9assist 2.07\rules\tables\ccdRegion.xml) entryCount(7) totalTables(0) (com.x9ware.records.X9XmlTable.readXmlFile:130) 
2013-10-28 10:00:51.430 [INFO] Tiff rules file loaded(C:\Program Files (x86)\X9Ware LLC\X9assist 2.07\rules\tiffrules\tiffrules.xml) (com.x9ware.tiff.X9TiffRules.readXmlFile:204) 
2013-10-28 10:00:51.430 [INFO] xml lookup table(C:\Program Files (x86)\X9Ware LLC\X9assist 2.07\rules\tables\ccdFI.xml) is being opened (com.x9ware.tools.X9Jdom.getXmlDocument:268) 
2013-10-28 10:00:51.431 [INFO] Xml defined error message entries(189) (com.x9ware.message.X9MessageManager.readXmlFile:142) 
2013-10-28 10:00:51.431 [INFO] xml table(C:\Program Files (x86)\X9Ware LLC\X9assist 2.07\rules\tables\ccdFI.xml) entryCount(12) totalTables(1) (com.x9ware.records.X9XmlTable.readXmlFile:130) 
2013-10-28 10:00:51.431 [INFO] startup: task2 completed (com.x9ware.gui.X9GuiBase$2.run:602) 
2013-10-28 10:00:51.433 [INFO] Messages file loaded(C:\Program Files (x86)\X9Ware LLC\X9assist 2.07\rules\messages\messages.xml) (com.x9ware.message.X9MessageManager.readXmlFile:181) 
2013-10-28 10:00:51.434 [INFO] xml base document has been loaded(C:\Program Files (x86)\X9Ware LLC\X9assist 2.07\rules\x9rules\x9rules_x937.xml) (com.x9ware.records.X9Rules.loadBaseRules:410) 
2013-10-28 10:00:51.436 [INFO] x9 rules file loaded(C:\Program Files (x86)\X9Ware LLC\X9assist 2.07\rules\x9rules\x9rules_x937.xml) (com.x9ware.records.X9Rules.readXmlFile:332) 
2013-10-28 10:00:51.436 [INFO] startup: task1 completed (com.x9ware.gui.X9GuiBase$1.run:583) 
2013-10-28 10:00:51.436 [INFO] startup: loadXmlFilesAtStartup exit (com.x9ware.gui.X9GuiBase.loadXmlFilesAtStartup:631) 
2013-10-28 10:00:51.437 [INFO] Check format file(C:\Users\jjv\Documents\x9_assist\xml\checkFormats.xml) is being opened (com.x9ware.tools.X9Jdom.getXmlDocument:268) 
2013-10-28 10:00:52.242 [INFO] Xml checkFormat file has been loaded(C:\Users\jjv\Documents\x9_assist\xml\checkFormats.xml) number of entries(2) (com.x9ware.imaging.X9CheckManager.readXmlFile:530) 
2013-10-28 10:00:52.440 [INFO] resident objects enabled for types 1 10 20 61 70 90 99 (com.x9ware.records.X9RulesManager.setIsTypeSpecificObjectResidentEnabled:577) 
2013-10-28 10:00:52.441 [INFO] file(C:\Users\jjv\Documents\x9_assist\files\Test ICL with 10 checks.x9) run_Option(0) (com.x9ware.main.X9Driver.<init>:205) 
2013-10-28 10:00:52.442 [INFO] TagManager static has been reset (com.x9ware.tag.X9TagManager.reset:87) 
2013-10-28 10:00:52.853 [INFO] purgeFiles from folder(C:\Users\jjv\Documents\x9_assist\log) retentionDays(2) and calculated expirationDate(2013/10/26) (com.x9ware.tools.X9Folder.purgeFilesFromFolder:162) 
2013-10-28 10:00:52.853 [INFO] after Loader; total memory(37,036k) free memory(3,530k) (com.x9ware.main.X9Driver.logMemoryUsage:731) 
2013-10-28 10:00:52.854 [INFO] Backup fileName for today(C:\Users\jjv\Documents\x9_assist\backup\Backup.XmlFile.20131028.zip) backupFileExists(true) backupOnEveryRun(false) (com.x9ware.tools.X9Backup.runBackup:106) 
2013-10-28 10:00:52.854 [INFO] all image files are closed (com.x9ware.imaging.X9ImageReader.close:637) 
2013-10-28 10:00:52.854 [INFO] purgeFiles from folder(C:\Users\jjv\Documents\x9_assist\backup) retentionDays(10) and calculated expirationDate(2013/10/18) (com.x9ware.tools.X9Folder.purgeFilesFromFolder:162) 
2013-10-28 10:00:52.854 [INFO] open for file(C:\Users\jjv\Documents\x9_assist\files\Test ICL with 10 checks.x9) (com.x9ware.imaging.X9ImageReader.open:604) 
2013-10-28 10:00:52.855 [INFO] purgeFiles filtered fileCount(0) folder(C:\Users\jjv\Documents\x9_assist\log) (com.x9ware.tools.X9Folder.purgeFilesFromFolder:177) 
2013-10-28 10:00:52.855 [INFO] purgeFiles from folder(C:\Users\jjv\Documents\x9_assist\log) retentionDays(2) and calculated expirationDate(2013/10/26) (com.x9ware.tools.X9Folder.purgeFilesFromFolder:162) 
2013-10-28 10:00:52.856 [INFO] purgeFiles filtered fileCount(0) folder(C:\Users\jjv\Documents\x9_assist\log) (com.x9ware.tools.X9Folder.purgeFilesFromFolder:177) 
2013-10-28 10:00:52.856 [INFO] purgeFiles from folder(C:\Users\jjv\Documents\x9_assist\license) retentionDays(2) and calculated expirationDate(2013/10/26) (com.x9ware.tools.X9Folder.purgeFilesFromFolder:162) 
2013-10-28 10:00:52.856 [INFO] purgeFiles filtered fileCount(0) folder(C:\Users\jjv\Documents\x9_assist\backup) (com.x9ware.tools.X9Folder.purgeFilesFromFolder:177) 
2013-10-28 10:00:52.856 [INFO] Read buffer allocated size(2049024) (com.x9ware.base.X9Reader.<init>:275) 
2013-10-28 10:00:52.856 [INFO] file backupCount(0) expired deleteCount(0) (com.x9ware.tools.X9Backup.runBackup:125) 
2013-10-28 10:00:52.856 [INFO] purgeFiles filtered fileCount(0) folder(C:\Users\jjv\Documents\x9_assist\license) (com.x9ware.tools.X9Folder.purgeFilesFromFolder:177) 
2013-10-28 10:00:52.857 [INFO] purgeFiles from folder(C:\Users\jjv\Documents\x9_assist\reports) retentionDays(3) and calculated expirationDate(2013/10/25) (com.x9ware.tools.X9Folder.purgeFilesFromFolder:162) 
2013-10-28 10:00:52.857 [INFO] FileInputStream opened(C:\Users\jjv\Documents\x9_assist\files\Test ICL with 10 checks.x9) (com.x9ware.base.X9Reader.<init>:286) 
2013-10-28 10:00:52.857 [INFO] purgeFiles filtered fileCount(0) folder(C:\Users\jjv\Documents\x9_assist\reports) (com.x9ware.tools.X9Folder.purgeFilesFromFolder:177) 
2013-10-28 10:00:52.857 [INFO] purgeFiles from folder(C:\Users\jjv\Documents\x9_assist\reports) retentionDays(3) and calculated expirationDate(2013/10/25) (com.x9ware.tools.X9Folder.purgeFilesFromFolder:162) 
2013-10-28 10:00:52.858 [INFO] File(C:\Users\jjv\Documents\x9_assist\files\Test ICL with 10 checks.x9) (com.x9ware.event.X9BulletinManager.fireEvent:73) 
2013-10-28 10:00:52.858 [INFO] purgeFiles filtered fileCount(0) folder(C:\Users\jjv\Documents\x9_assist\reports) (com.x9ware.tools.X9Folder.purgeFilesFromFolder:177) 
2013-10-28 10:00:52.871 [INFO] File header contains origination(555555550) destination(555555550) standardLevel(03) ucdIndicator(1) (com.x9ware.event.X9BulletinManager.fireEvent:73) 
2013-10-28 10:00:52.872 [INFO] Mapping key(all/all/03/1) structured as(origination/destination/standardsLevel/udcIndicator) (com.x9ware.config.X9Binder.bindToConfiguration:513) 
2013-10-28 10:00:52.872 [INFO] x9 rules file(C:\Program Files (x86)\X9Ware LLC\X9assist 2.07\rules\x9rules\x9rules_x937.xml) replaced with(C:\Program Files (x86)\X9Ware LLC\X9assist 2.07\rules\x9rules\x9rules_x9.100-187_ucd.xml) (com.x9ware.records.X9Rules.readXmlFile:238) 
2013-10-28 10:00:52.872 [INFO] Tiff rules file(C:\Program Files (x86)\X9Ware LLC\X9assist 2.07\rules\tiffrules\tiffrules.xml) replaced with(C:\Program Files (x86)\X9Ware LLC\X9assist 2.07\rules\tiffrules\tiffrules_x9.100-187_ucd.xml) (com.x9ware.tiff.X9TiffRules.readXmlFile:179) 
2013-10-28 10:00:52.872 [INFO] Messages file already loaded(C:\Program Files (x86)\X9Ware LLC\X9assist 2.07\rules\messages\messages.xml) (com.x9ware.message.X9MessageManager.readXmlFile:87) 
2013-10-28 10:00:52.872 [INFO] Options file already loaded(C:\Users\jjv\Documents\x9_assist\xml\options\options.xml) (com.x9ware.options.X9OptionsManager.readXmlFile:234) 
2013-10-28 10:00:52.873 [INFO] Tiff rules file(C:\Program Files (x86)\X9Ware LLC\X9assist 2.07\rules\tiffrules\tiffrules_x9.100-187_ucd.xml) is being opened (com.x9ware.tools.X9Jdom.getXmlDocument:268) 
2013-10-28 10:00:52.873 [INFO] x9 rules file(C:\Program Files (x86)\X9Ware LLC\X9assist 2.07\rules\x9rules\x9rules_x9.100-187_ucd.xml) is being opened (com.x9ware.tools.X9Jdom.getXmlDocument:268) 
2013-10-28 10:00:52.906 [INFO] TagManager static has been reset (com.x9ware.tag.X9TagManager.reset:87) 
2013-10-28 10:00:52.906 [INFO] Tiff rules file loaded(C:\Program Files (x86)\X9Ware LLC\X9assist 2.07\rules\tiffrules\tiffrules_x9.100-187_ucd.xml) (com.x9ware.tiff.X9TiffRules.readXmlFile:204) 
2013-10-28 10:00:52.910 [INFO] xml base document has been loaded(C:\Program Files (x86)\X9Ware LLC\X9assist 2.07\rules\x9rules\x9rules_x9.100-187_ucd.xml) (com.x9ware.records.X9Rules.loadBaseRules:410) 
2013-10-28 10:00:52.912 [INFO] x9 rules file loaded(C:\Program Files (x86)\X9Ware LLC\X9assist 2.07\rules\x9rules\x9rules_x9.100-187_ucd.xml) (com.x9ware.records.X9Rules.readXmlFile:332) 
2013-10-28 10:00:52.912 [INFO] Bind to configuration rules(x9.100-187_UCD) successful(yes) (com.x9ware.config.X9ConfigManager.loadXmlConfiguration:197) 
2013-10-28 10:00:52.913 [INFO] Bind to configuration rules(x9.100-187_UCD) (com.x9ware.event.X9BulletinManager.fireEvent:73) 
2013-10-28 10:00:52.913 [INFO] ==> x9rules(C:\Program Files (x86)\X9Ware LLC\X9assist 2.07\rules\x9rules\x9rules_x9.100-187_ucd.xml) (com.x9ware.config.X9Binder.bindToConfiguration:527) 
2013-10-28 10:00:52.913 [INFO] ==> tiffrules(C:\Program Files (x86)\X9Ware LLC\X9assist 2.07\rules\tiffrules\tiffrules_x9.100-187_ucd.xml) (com.x9ware.config.X9Binder.bindToConfiguration:527) 
2013-10-28 10:00:52.913 [INFO] ==> messages(C:\Program Files (x86)\X9Ware LLC\X9assist 2.07\rules\messages\messages.xml) (com.x9ware.config.X9Binder.bindToConfiguration:527) 
2013-10-28 10:00:52.913 [INFO] ==> options(C:\Users\jjv\Documents\x9_assist\xml\options\options.xml) (com.x9ware.config.X9Binder.bindToConfiguration:527) 
2013-10-28 10:00:52.915 [INFO] x9 file closed(C:\Users\jjv\Documents\x9_assist\files\Test ICL with 10 checks.x9) (com.x9ware.base.X9Reader.close:1504) 
2013-10-28 10:00:52.915 [INFO] Number of items added to X9Object Arraylist = 86 (com.x9ware.main.X9Loader.loadFile:254) 
2013-10-28 10:00:52.915 [INFO] Number of times that input x9 Ebcdic data was stored(0) (com.x9ware.main.X9Loader.loadFile:259) 
2013-10-28 10:00:52.915 [INFO] Size(88 kb) character set(Ebcdic) field zero lengths(yes) file timestamp(Mon Sep 23 11:27:57 MDT 2013) (com.x9ware.event.X9BulletinManager.fireEvent:73) 
2013-10-28 10:00:52.916 [INFO] File header creation date(20130818) time(0823) modifier(A) contact(X9ASSIST) (com.x9ware.event.X9BulletinManager.fireEvent:73) 
2013-10-28 10:00:52.916 [INFO] Tag treeMap entries found(0) created (9) updated(0) (com.x9ware.tag.X9TagManager.close:94) 
2013-10-28 10:00:52.916 [INFO] after Loader; total memory(43,180k) free memory(2,537k) (com.x9ware.main.X9Driver.logMemoryUsage:731) 
2013-10-28 10:00:52.917 [INFO] after Reporter; total memory(43,180k) free memory(2,457k) (com.x9ware.main.X9Driver.logMemoryUsage:731) 
2013-10-28 10:00:52.917 [INFO] Gui refreshPanels entered(Mon Oct 28 10:00:52 MDT 2013) (com.x9ware.gui.X9GuiRun.refreshPanels:539) 
2013-10-28 10:00:52.917 [INFO] Number of x9 records(86) (com.x9ware.base.X9ObjectManager.propagateCountsAndAmounts:306) 
2013-10-28 10:00:52.917 [INFO] Gui propogation completed(Mon Oct 28 10:00:52 MDT 2013) (com.x9ware.gui.X9GuiRun.refreshPanels:554) 
2013-10-28 10:00:52.917 [INFO] Number of nodes(16) in tree(ICL Viewer) (com.x9ware.ui.X9TreeUi.refreshTree:503) 
2013-10-28 10:00:52.920 [INFO] Gui icl tree refreshed(Mon Oct 28 10:00:52 MDT 2013) (com.x9ware.gui.X9GuiRun.refreshPanels:573) 
2013-10-28 10:00:52.939 [INFO] Gui record type report completed(Mon Oct 28 10:00:52 MDT 2013) (com.x9ware.gui.X9GuiRun.refreshPanels:627) 
2013-10-28 10:00:52.940 [INFO] Error maps created(0) and updated(0) summary errorMaps created(0) and updated(0) (com.x9ware.error.X9ErrorManager.logMetrics:476) 
2013-10-28 10:00:52.961 [INFO] No validations were performed: please consider an upgrade to X9Validator or X9Assist (com.x9ware.event.X9BulletinManager.fireEvent:73) 
2013-10-28 10:00:53.765 [INFO] Gui refreshPanels exit(Mon Oct 28 10:00:53 MDT 2013) (com.x9ware.gui.X9GuiRun.refreshPanels:766) 
2013-10-28 10:00:53.766 [INFO] after Reporter; total memory(80,044k) free memory(4,046k) (com.x9ware.main.X9Driver.logMemoryUsage:731) 
2013-10-28 10:00:53.766 [INFO] after Overall Run; total memory(80,044k) free memory(4,031k) (com.x9ware.main.X9Driver.logMemoryUsage:731) 
2013-10-28 10:00:53.766 [INFO] driver completed(successful) (com.x9ware.main.X9Driver$1.run:269) 
