2013-10-28 11:26:22.754 [INFO] Options File(C:\Users\jjv\Documents\x9_assist\xml\options\options.xml) is being opened (com.x9ware.tools.X9Jdom.getXmlDocument:268) 
2013-10-28 11:26:23.112 [INFO] Options file loaded(C:\Users\jjv\Documents\x9_assist\xml\options\options.xml) release(R2.07) (com.x9ware.options.X9OptionsManager.readXmlFile:361) 
2013-10-28 11:26:23.176 [INFO] Branded logo(logoFront) created with imageLength (14217) (com.x9ware.logo.X9Logo.<init>:141) 
2013-10-28 11:26:23.204 [INFO] Branded logo(logoBack) created with imageLength (17427) (com.x9ware.logo.X9Logo.<init>:141) 
2013-10-28 11:26:23.206 [INFO] Micr font parameters set as fontName(PrecisionIdMICR.ttf) exists(true) size(32.55) style(0) transitSymbol(A) amountSymbol(B) onusSymbol(C) dashSymbol(D) (com.x9ware.micr.X9MicrFont.<init>:115) 
2013-10-28 11:26:24.208 [INFO] setting look and feel(Windows) (com.x9ware.swing.X9LookAndFeel.setLookAndFeel:167) 
2013-10-28 11:26:24.226 [INFO] startup: copyFolders completed (com.x9ware.main.X9CopyFolders.copy:164) 
2013-10-28 11:26:24.228 [INFO] license file(C:\Users\jjv\Documents\x9_assist\license\license_20131028_112624_227.xml) is being loaded (com.x9ware.license.X9License.readLicenseFile:206) 
2013-10-28 11:26:24.235 [INFO] Xml license rootName(x9license) (com.x9ware.license.X9License.readLicenseFile:252) 
2013-10-28 11:26:24.236 [INFO] File deleted(C:\Users\jjv\Documents\x9_assist\license\license_20131028_112624_227.xml) (com.x9ware.tools.X9File.delete:118) 
2013-10-28 11:26:24.236 [INFO] license has been loaded with clientName(X9Vision) companyName(X9Ware LLC) type(1) licenseName(X9Vision) entered(2013/09/23) expires(2014/09/23) (com.x9ware.license.X9License.logLicenseInfo:885) 
2013-10-28 11:26:24.237 [INFO] Config file(C:\Users\jjv\Documents\x9_assist\xml\config.xml) is being opened (com.x9ware.tools.X9Jdom.getXmlDocument:268) 
2013-10-28 11:26:24.238 [INFO] Xml configuration file has been loaded(C:\Users\jjv\Documents\x9_assist\xml\config.xml) number of entries(10) (com.x9ware.config.X9ConfigManager.readXmlFile:550) 
2013-10-28 11:26:24.238 [INFO] Mapping file(C:\Users\jjv\Documents\x9_assist\xml\map.xml) is being opened (com.x9ware.tools.X9Jdom.getXmlDocument:268) 
2013-10-28 11:26:24.239 [INFO] Xml mapping file has been loaded(C:\Users\jjv\Documents\x9_assist\xml\map.xml) number of entries(4) (com.x9ware.mapping.X9MappingManager.readXmlFile:174) 
2013-10-28 11:26:24.239 [INFO] Routing file(C:\Users\jjv\Documents\x9_assist\xml\routing.xml) is being opened (com.x9ware.tools.X9Jdom.getXmlDocument:268) 
2013-10-28 11:26:24.241 [INFO] Xml routing file has been loaded(C:\Users\jjv\Documents\x9_assist\xml\routing.xml) number of entries(2) (com.x9ware.routing.X9RoutingManager.readXmlFile:263) 
2013-10-28 11:26:24.241 [INFO] ModCheck file(C:\Users\jjv\Documents\x9_assist\xml\modCheck.xml) is being opened (com.x9ware.tools.X9Jdom.getXmlDocument:268) 
2013-10-28 11:26:24.242 [INFO] Xml modCheck file has been loaded(C:\Users\jjv\Documents\x9_assist\xml\modCheck.xml) number of entries(2) (com.x9ware.modcheck.X9ModCheckManager.readXmlFile:221) 
2013-10-28 11:26:24.292 [INFO] preferences file(C:\Users\jjv\Documents\x9_assist\xml\preferences_R2.07.2013.08.19.xml) is being opened (com.x9ware.tools.X9Jdom.getXmlDocument:268) 
2013-10-28 11:26:24.294 [INFO] preferencesfile (C:\Users\jjv\Documents\x9_assist\xml\preferences_R2.07.2013.08.19.xml) loaded for monitorSize(1920x1080) (com.x9ware.preferences.X9PreferencesXml.readXmlFile:207) 
2013-10-28 11:26:25.957 [INFO] startup: initializeClasses exit (com.x9ware.gui.X9GuiBase.initializeClasses:557) 
2013-10-28 11:26:25.957 [INFO] Folder(x9rules) mapping(C:\Program Files (x86)\X9Ware LLC\X9assist 2.07\rules\x9rules) (com.x9ware.options.X9OptionsManager.logFolderNameDuringStartup:473) 
2013-10-28 11:26:25.958 [INFO] Folder(tiffrules) mapping(C:\Program Files (x86)\X9Ware LLC\X9assist 2.07\rules\tiffrules) (com.x9ware.options.X9OptionsManager.logFolderNameDuringStartup:473) 
2013-10-28 11:26:25.958 [INFO] Folder(messages) mapping(C:\Program Files (x86)\X9Ware LLC\X9assist 2.07\rules\messages) (com.x9ware.options.X9OptionsManager.logFolderNameDuringStartup:473) 
2013-10-28 11:26:25.958 [INFO] Folder(options) mapping(C:\Users\jjv\Documents\x9_assist\xml\options) (com.x9ware.options.X9OptionsManager.logFolderNameDuringStartup:473) 
2013-10-28 11:26:25.958 [INFO] Folder(makeItems) mapping(C:\Users\jjv\Documents\x9_assist\xml\makeItems) (com.x9ware.options.X9OptionsManager.logFolderNameDuringStartup:473) 
2013-10-28 11:26:25.959 [INFO] Folder(scrub) mapping(C:\Users\jjv\Documents\x9_assist\xml\scrub) (com.x9ware.options.X9OptionsManager.logFolderNameDuringStartup:473) 
2013-10-28 11:26:25.959 [INFO] Folder(generate) mapping(C:\Users\jjv\Documents\x9_assist\xml\generate) (com.x9ware.options.X9OptionsManager.logFolderNameDuringStartup:473) 
2013-10-28 11:26:25.959 [INFO] Folder(proportional) mapping(C:\Program Files (x86)\X9Ware LLC\X9assist 2.07\fonts\proportional) (com.x9ware.options.X9OptionsManager.logFolderNameDuringStartup:473) 
2013-10-28 11:26:25.960 [INFO] Folder(nonproportional) mapping(C:\Program Files (x86)\X9Ware LLC\X9assist 2.07\fonts\nonproportional) (com.x9ware.options.X9OptionsManager.logFolderNameDuringStartup:473) 
2013-10-28 11:26:25.960 [INFO] Folder(handwriting) mapping(C:\Program Files (x86)\X9Ware LLC\X9assist 2.07\fonts\handwriting) (com.x9ware.options.X9OptionsManager.logFolderNameDuringStartup:473) 
2013-10-28 11:26:25.960 [INFO] Folder(micr) mapping(C:\Program Files (x86)\X9Ware LLC\X9assist 2.07\fonts\micr) (com.x9ware.options.X9OptionsManager.logFolderNameDuringStartup:473) 
2013-10-28 11:26:25.960 [INFO] Folder(routing) mapping(C:\Users\jjv\Documents\x9_assist\lists\routing) (com.x9ware.options.X9OptionsManager.logFolderNameDuringStartup:473) 
2013-10-28 11:26:25.961 [INFO] Folder(useCases) mapping(C:\Users\jjv\Documents\x9_assist\lists\useCases) (com.x9ware.options.X9OptionsManager.logFolderNameDuringStartup:473) 
2013-10-28 11:26:26.092 [INFO] X9Assist release(R2.07) build(2013.08.19) (com.x9ware.gui.X9GuiStart.initialize:212) 
2013-10-28 11:26:26.093 [INFO] LAUNCH_FOLDER(C:\Program Files (x86)\X9Ware LLC\X9assist 2.07) (com.x9ware.gui.X9GuiStart.initialize:219) 
2013-10-28 11:26:26.093 [INFO] applicationHomeFolder(C:\Users\jjv\Documents\x9_assist) (com.x9ware.gui.X9GuiStart.initialize:220) 
2013-10-28 11:26:26.093 [INFO] isJetCompiled(true) javaHome(C:\Program Files (x86)\X9Ware LLC\X9assist 2.07\rt) javaVersion(1.6.0_43) (com.x9ware.gui.X9GuiStart.initialize:221) 
2013-10-28 11:26:26.093 [INFO] Gui startup environment: Java is64Bit(true) total memory(42,612k) free memory(24,625k) (com.x9ware.gui.X9GuiStart.initialize:229) 
2013-10-28 11:26:26.095 [INFO] Ask once file(C:\Users\jjv\Documents\x9_assist\xml\askOnce.xml) is being opened (com.x9ware.tools.X9Jdom.getXmlDocument:268) 
2013-10-28 11:26:26.095 [INFO] Tiff rules file(C:\Program Files (x86)\X9Ware LLC\X9assist 2.07\rules\tiffrules\tiffrules.xml) is being opened (com.x9ware.tools.X9Jdom.getXmlDocument:268) 
2013-10-28 11:26:26.095 [INFO] Options file already loaded(C:\Users\jjv\Documents\x9_assist\xml\options\options.xml) (com.x9ware.options.X9OptionsManager.readXmlFile:234) 
2013-10-28 11:26:26.095 [INFO] Messages file(C:\Program Files (x86)\X9Ware LLC\X9assist 2.07\rules\messages\messages.xml) is being opened (com.x9ware.tools.X9Jdom.getXmlDocument:268) 
2013-10-28 11:26:26.095 [INFO] x9 rules file(C:\Program Files (x86)\X9Ware LLC\X9assist 2.07\rules\x9rules\x9rules_x937.xml) is being opened (com.x9ware.tools.X9Jdom.getXmlDocument:268) 
2013-10-28 11:26:26.097 [INFO] Xml ask once file has been loaded(C:\Users\jjv\Documents\x9_assist\xml\askOnce.xml) number of entries(0) (com.x9ware.main.X9AskOnce.readXmlFile:294) 
2013-10-28 11:26:26.097 [INFO] xml lookup table(C:\Program Files (x86)\X9Ware LLC\X9assist 2.07\rules\tables\ccdRegion.xml) is being opened (com.x9ware.tools.X9Jdom.getXmlDocument:268) 
2013-10-28 11:26:26.098 [INFO] TagManager static has been reset (com.x9ware.tag.X9TagManager.reset:87) 
2013-10-28 11:26:26.098 [INFO] Tiff rules file loaded(C:\Program Files (x86)\X9Ware LLC\X9assist 2.07\rules\tiffrules\tiffrules.xml) (com.x9ware.tiff.X9TiffRules.readXmlFile:204) 
2013-10-28 11:26:26.099 [INFO] xml table(C:\Program Files (x86)\X9Ware LLC\X9assist 2.07\rules\tables\ccdRegion.xml) entryCount(7) totalTables(0) (com.x9ware.records.X9XmlTable.readXmlFile:130) 
2013-10-28 11:26:26.099 [INFO] xml lookup table(C:\Program Files (x86)\X9Ware LLC\X9assist 2.07\rules\tables\ccdFI.xml) is being opened (com.x9ware.tools.X9Jdom.getXmlDocument:268) 
2013-10-28 11:26:26.100 [INFO] Xml defined error message entries(189) (com.x9ware.message.X9MessageManager.readXmlFile:142) 
2013-10-28 11:26:26.100 [INFO] xml table(C:\Program Files (x86)\X9Ware LLC\X9assist 2.07\rules\tables\ccdFI.xml) entryCount(12) totalTables(1) (com.x9ware.records.X9XmlTable.readXmlFile:130) 
2013-10-28 11:26:26.100 [INFO] startup: task2 completed (com.x9ware.gui.X9GuiBase$2.run:602) 
2013-10-28 11:26:26.101 [INFO] Messages file loaded(C:\Program Files (x86)\X9Ware LLC\X9assist 2.07\rules\messages\messages.xml) (com.x9ware.message.X9MessageManager.readXmlFile:181) 
2013-10-28 11:26:26.102 [INFO] xml base document has been loaded(C:\Program Files (x86)\X9Ware LLC\X9assist 2.07\rules\x9rules\x9rules_x937.xml) (com.x9ware.records.X9Rules.loadBaseRules:410) 
2013-10-28 11:26:26.104 [INFO] x9 rules file loaded(C:\Program Files (x86)\X9Ware LLC\X9assist 2.07\rules\x9rules\x9rules_x937.xml) (com.x9ware.records.X9Rules.readXmlFile:332) 
2013-10-28 11:26:26.105 [INFO] startup: task1 completed (com.x9ware.gui.X9GuiBase$1.run:583) 
2013-10-28 11:26:26.105 [INFO] startup: loadXmlFilesAtStartup exit (com.x9ware.gui.X9GuiBase.loadXmlFilesAtStartup:631) 
2013-10-28 11:26:26.105 [INFO] Check format file(C:\Users\jjv\Documents\x9_assist\xml\checkFormats.xml) is being opened (com.x9ware.tools.X9Jdom.getXmlDocument:268) 
2013-10-28 11:26:26.911 [INFO] Xml checkFormat file has been loaded(C:\Users\jjv\Documents\x9_assist\xml\checkFormats.xml) number of entries(2) (com.x9ware.imaging.X9CheckManager.readXmlFile:530) 
2013-10-28 11:26:27.119 [INFO] resident objects enabled for types 1 10 20 61 70 90 99 (com.x9ware.records.X9RulesManager.setIsTypeSpecificObjectResidentEnabled:577) 
2013-10-28 11:26:27.120 [INFO] file(C:\Users\jjv\Desktop\Deposit.X9) run_Option(0) (com.x9ware.main.X9Driver.<init>:205) 
2013-10-28 11:26:27.120 [INFO] TagManager static has been reset (com.x9ware.tag.X9TagManager.reset:87) 
2013-10-28 11:26:27.541 [INFO] purgeFiles from folder(C:\Users\jjv\Documents\x9_assist\log) retentionDays(2) and calculated expirationDate(2013/10/26) (com.x9ware.tools.X9Folder.purgeFilesFromFolder:162) 
2013-10-28 11:26:27.541 [INFO] after Loader; total memory(37,108k) free memory(3,657k) (com.x9ware.main.X9Driver.logMemoryUsage:731) 
2013-10-28 11:26:27.541 [INFO] Backup fileName for today(C:\Users\jjv\Documents\x9_assist\backup\Backup.XmlFile.20131028.zip) backupFileExists(true) backupOnEveryRun(false) (com.x9ware.tools.X9Backup.runBackup:106) 
2013-10-28 11:26:27.541 [INFO] all image files are closed (com.x9ware.imaging.X9ImageReader.close:637) 
2013-10-28 11:26:27.541 [INFO] purgeFiles from folder(C:\Users\jjv\Documents\x9_assist\backup) retentionDays(10) and calculated expirationDate(2013/10/18) (com.x9ware.tools.X9Folder.purgeFilesFromFolder:162) 
2013-10-28 11:26:27.542 [INFO] open for file(C:\Users\jjv\Desktop\Deposit.X9) (com.x9ware.imaging.X9ImageReader.open:604) 
2013-10-28 11:26:27.542 [INFO] purgeFiles filtered fileCount(0) folder(C:\Users\jjv\Documents\x9_assist\log) (com.x9ware.tools.X9Folder.purgeFilesFromFolder:177) 
2013-10-28 11:26:27.543 [INFO] purgeFiles from folder(C:\Users\jjv\Documents\x9_assist\log) retentionDays(2) and calculated expirationDate(2013/10/26) (com.x9ware.tools.X9Folder.purgeFilesFromFolder:162) 
2013-10-28 11:26:27.543 [INFO] purgeFiles filtered fileCount(0) folder(C:\Users\jjv\Documents\x9_assist\backup) (com.x9ware.tools.X9Folder.purgeFilesFromFolder:177) 
2013-10-28 11:26:27.543 [INFO] file backupCount(0) expired deleteCount(0) (com.x9ware.tools.X9Backup.runBackup:125) 
2013-10-28 11:26:27.544 [INFO] purgeFiles filtered fileCount(0) folder(C:\Users\jjv\Documents\x9_assist\log) (com.x9ware.tools.X9Folder.purgeFilesFromFolder:177) 
2013-10-28 11:26:27.544 [INFO] Read buffer allocated size(2049024) (com.x9ware.base.X9Reader.<init>:275) 
2013-10-28 11:26:27.544 [INFO] purgeFiles from folder(C:\Users\jjv\Documents\x9_assist\license) retentionDays(2) and calculated expirationDate(2013/10/26) (com.x9ware.tools.X9Folder.purgeFilesFromFolder:162) 
2013-10-28 11:26:27.544 [INFO] FileInputStream opened(C:\Users\jjv\Desktop\Deposit.X9) (com.x9ware.base.X9Reader.<init>:286) 
2013-10-28 11:26:27.544 [INFO] purgeFiles filtered fileCount(0) folder(C:\Users\jjv\Documents\x9_assist\license) (com.x9ware.tools.X9Folder.purgeFilesFromFolder:177) 
2013-10-28 11:26:27.545 [INFO] purgeFiles from folder(C:\Users\jjv\Documents\x9_assist\reports) retentionDays(3) and calculated expirationDate(2013/10/25) (com.x9ware.tools.X9Folder.purgeFilesFromFolder:162) 
2013-10-28 11:26:27.545 [INFO] File(C:\Users\jjv\Desktop\Deposit.X9) (com.x9ware.event.X9BulletinManager.fireEvent:73) 
2013-10-28 11:26:27.545 [INFO] purgeFiles filtered fileCount(0) folder(C:\Users\jjv\Documents\x9_assist\reports) (com.x9ware.tools.X9Folder.purgeFilesFromFolder:177) 
2013-10-28 11:26:27.545 [INFO] purgeFiles from folder(C:\Users\jjv\Documents\x9_assist\reports) retentionDays(3) and calculated expirationDate(2013/10/25) (com.x9ware.tools.X9Folder.purgeFilesFromFolder:162) 
2013-10-28 11:26:27.545 [INFO] purgeFiles filtered fileCount(0) folder(C:\Users\jjv\Documents\x9_assist\reports) (com.x9ware.tools.X9Folder.purgeFilesFromFolder:177) 
2013-10-28 11:26:27.546 [INFO] File header contains origination(044000037) destination(044000037) standardLevel(03) (com.x9ware.event.X9BulletinManager.fireEvent:73) 
2013-10-28 11:26:27.546 [INFO] Mapping key(all/all/all/all) structured as(origination/destination/standardsLevel/udcIndicator) (com.x9ware.config.X9Binder.bindToConfiguration:513) 
2013-10-28 11:26:27.547 [INFO] Messages file already loaded(C:\Program Files (x86)\X9Ware LLC\X9assist 2.07\rules\messages\messages.xml) (com.x9ware.message.X9MessageManager.readXmlFile:87) 
2013-10-28 11:26:27.547 [INFO] Tiff rules file already loaded(C:\Program Files (x86)\X9Ware LLC\X9assist 2.07\rules\tiffrules\tiffrules.xml) (com.x9ware.tiff.X9TiffRules.readXmlFile:174) 
2013-10-28 11:26:27.547 [INFO] x9 rules file load already loaded(C:\Program Files (x86)\X9Ware LLC\X9assist 2.07\rules\x9rules\x9rules_x937.xml) (com.x9ware.records.X9Rules.readXmlFile:233) 
2013-10-28 11:26:27.547 [INFO] Options file already loaded(C:\Users\jjv\Documents\x9_assist\xml\options\options.xml) (com.x9ware.options.X9OptionsManager.readXmlFile:234) 
2013-10-28 11:26:27.547 [INFO] Bind to configuration rules(x9.37) successful(yes) (com.x9ware.config.X9ConfigManager.loadXmlConfiguration:197) 
2013-10-28 11:26:27.548 [INFO] Bind to configuration rules(x9.37) (com.x9ware.event.X9BulletinManager.fireEvent:73) 
2013-10-28 11:26:27.548 [INFO] ==> x9rules(C:\Program Files (x86)\X9Ware LLC\X9assist 2.07\rules\x9rules\x9rules_x937.xml) (com.x9ware.config.X9Binder.bindToConfiguration:527) 
2013-10-28 11:26:27.548 [INFO] ==> tiffrules(C:\Program Files (x86)\X9Ware LLC\X9assist 2.07\rules\tiffrules\tiffrules.xml) (com.x9ware.config.X9Binder.bindToConfiguration:527) 
2013-10-28 11:26:27.548 [INFO] ==> messages(C:\Program Files (x86)\X9Ware LLC\X9assist 2.07\rules\messages\messages.xml) (com.x9ware.config.X9Binder.bindToConfiguration:527) 
2013-10-28 11:26:27.549 [INFO] ==> options(C:\Users\jjv\Documents\x9_assist\xml\options\options.xml) (com.x9ware.config.X9Binder.bindToConfiguration:527) 
2013-10-28 11:26:27.549 [SEVERE] field(Record Type) is not numeric; fieldLength(2) hex contents(0103) (com.x9ware.base.X9Reader.getBytesAsNumeric:1115) 
2013-10-28 11:26:27.549 [SEVERE] field(Record Type) is not numeric; fieldLength(2) hex contents(0300) (com.x9ware.base.X9Reader.getBytesAsNumeric:1115) 
2013-10-28 11:26:27.549 [SEVERE] field(Record Type) is not numeric; fieldLength(2) hex contents(00F0) (com.x9ware.base.X9Reader.getBytesAsNumeric:1115) 
2013-10-28 11:26:27.550 [SEVERE] field(Record Type) is not numeric; fieldLength(2) hex contents(7C2E) (com.x9ware.base.X9Reader.getBytesAsNumeric:1115) 
2013-10-28 11:26:27.550 [SEVERE] field(Record Type) is not numeric; fieldLength(2) hex contents(3206) (com.x9ware.base.X9Reader.getBytesAsNumeric:1115) 
2013-10-28 11:26:27.550 [SEVERE] field(Record Type) is not numeric; fieldLength(2) hex contents(0728) (com.x9ware.base.X9Reader.getBytesAsNumeric:1115) 
2013-10-28 11:26:27.550 [SEVERE] field(Record Type) is not numeric; fieldLength(2) hex contents(1464) (com.x9ware.base.X9Reader.getBytesAsNumeric:1115) 
2013-10-28 11:26:27.551 [SEVERE] field(Record Type) is not numeric; fieldLength(2) hex contents(E467) (com.x9ware.base.X9Reader.getBytesAsNumeric:1115) 
2013-10-28 11:26:27.551 [SEVERE] field(Record Type) is not numeric; fieldLength(2) hex contents(B8D8) (com.x9ware.base.X9Reader.getBytesAsNumeric:1115) 
2013-10-28 11:26:27.551 [SEVERE] field(Record Type) is not numeric; fieldLength(2) hex contents(4D12) (com.x9ware.base.X9Reader.getBytesAsNumeric:1115) 
2013-10-28 11:26:27.551 [SEVERE] field(Record Type) is not numeric; fieldLength(2) hex contents(EB4F) (com.x9ware.base.X9Reader.getBytesAsNumeric:1115) 
2013-10-28 11:26:27.552 [SEVERE] field(Record Type) is not numeric; fieldLength(2) hex contents(69BE) (com.x9ware.base.X9Reader.getBytesAsNumeric:1115) 
2013-10-28 11:26:27.552 [SEVERE] field(Record Type) is not numeric; fieldLength(2) hex contents(FFC9) (com.x9ware.base.X9Reader.getBytesAsNumeric:1115) 
2013-10-28 11:26:27.552 [SEVERE] field(Record Type) is not numeric; fieldLength(2) hex contents(F417) (com.x9ware.base.X9Reader.getBytesAsNumeric:1115) 
2013-10-28 11:26:27.552 [SEVERE] field(Record Type) is not numeric; fieldLength(2) hex contents(2A3E) (com.x9ware.base.X9Reader.getBytesAsNumeric:1115) 
2013-10-28 11:26:27.552 [SEVERE] field(Record Type) is not numeric; fieldLength(2) hex contents(6BFD) (com.x9ware.base.X9Reader.getBytesAsNumeric:1115) 
2013-10-28 11:26:27.553 [SEVERE] field(Record Type) is not numeric; fieldLength(2) hex contents(4444) (com.x9ware.base.X9Reader.getBytesAsNumeric:1115) 
2013-10-28 11:26:27.553 [SEVERE] field(Record Type) is not numeric; fieldLength(2) hex contents(1487) (com.x9ware.base.X9Reader.getBytesAsNumeric:1115) 
2013-10-28 11:26:27.553 [SEVERE] field(Record Type) is not numeric; fieldLength(2) hex contents(C499) (com.x9ware.base.X9Reader.getBytesAsNumeric:1115) 
2013-10-28 11:26:27.553 [SEVERE] field(Record Type) is not numeric; fieldLength(2) hex contents(8E46) (com.x9ware.base.X9Reader.getBytesAsNumeric:1115) 
2013-10-28 11:26:27.553 [SEVERE] field(Record Type) is not numeric; fieldLength(2) hex contents(4461) (com.x9ware.base.X9Reader.getBytesAsNumeric:1115) 
2013-10-28 11:26:27.554 [SEVERE] field(Record Type) is not numeric; fieldLength(2) hex contents(C25D) (com.x9ware.base.X9Reader.getBytesAsNumeric:1115) 
2013-10-28 11:26:27.554 [SEVERE] field(Record Type) is not numeric; fieldLength(2) hex contents(6D2D) (com.x9ware.base.X9Reader.getBytesAsNumeric:1115) 
2013-10-28 11:26:27.554 [SEVERE] field(Record Type) is not numeric; fieldLength(2) hex contents(D36F) (com.x9ware.base.X9Reader.getBytesAsNumeric:1115) 
2013-10-28 11:26:27.554 [SEVERE] field(Record Type) is not numeric; fieldLength(2) hex contents(7F04) (com.x9ware.base.X9Reader.getBytesAsNumeric:1115) 
2013-10-28 11:26:27.554 [SEVERE] field(Record Type) is not numeric; fieldLength(2) hex contents(C223) (com.x9ware.base.X9Reader.getBytesAsNumeric:1115) 
2013-10-28 11:26:27.555 [SEVERE] field(Record Type) is not numeric; fieldLength(2) hex contents(DF49) (com.x9ware.base.X9Reader.getBytesAsNumeric:1115) 
2013-10-28 11:26:27.555 [SEVERE] field(Record Type) is not numeric; fieldLength(2) hex contents(61B9) (com.x9ware.base.X9Reader.getBytesAsNumeric:1115) 
2013-10-28 11:26:27.555 [SEVERE] field(Record Type) is not numeric; fieldLength(2) hex contents(FFEF) (com.x9ware.base.X9Reader.getBytesAsNumeric:1115) 
2013-10-28 11:26:27.555 [SEVERE] field(Record Type) is not numeric; fieldLength(2) hex contents(B4BF) (com.x9ware.base.X9Reader.getBytesAsNumeric:1115) 
2013-10-28 11:26:27.556 [SEVERE] field(Record Type) is not numeric; fieldLength(2) hex contents(14C5) (com.x9ware.base.X9Reader.getBytesAsNumeric:1115) 
2013-10-28 11:26:27.556 [SEVERE] field(Record Type) is not numeric; fieldLength(2) hex contents(0D45) (com.x9ware.base.X9Reader.getBytesAsNumeric:1115) 
2013-10-28 11:26:27.556 [SEVERE] field(Record Type) is not numeric; fieldLength(2) hex contents(10B2) (com.x9ware.base.X9Reader.getBytesAsNumeric:1115) 
2013-10-28 11:26:27.556 [SEVERE] field(Record Type) is not numeric; fieldLength(2) hex contents(A17D) (com.x9ware.base.X9Reader.getBytesAsNumeric:1115) 
2013-10-28 11:26:27.556 [SEVERE] field(Record Type) is not numeric; fieldLength(2) hex contents(8640) (com.x9ware.base.X9Reader.getBytesAsNumeric:1115) 
2013-10-28 11:26:27.557 [SEVERE] field(Record Type) is not numeric; fieldLength(2) hex contents(EABC) (com.x9ware.base.X9Reader.getBytesAsNumeric:1115) 
2013-10-28 11:26:27.557 [SEVERE] field(Record Type) is not numeric; fieldLength(2) hex contents(0502) (com.x9ware.base.X9Reader.getBytesAsNumeric:1115) 
2013-10-28 11:26:27.557 [SEVERE] field(Record Type) is not numeric; fieldLength(2) hex contents(37FB) (com.x9ware.base.X9Reader.getBytesAsNumeric:1115) 
2013-10-28 11:26:27.557 [SEVERE] field(Record Type) is not numeric; fieldLength(2) hex contents(6130) (com.x9ware.base.X9Reader.getBytesAsNumeric:1115) 
2013-10-28 11:26:27.557 [SEVERE] field(Record Type) is not numeric; fieldLength(2) hex contents(6A09) (com.x9ware.base.X9Reader.getBytesAsNumeric:1115) 
2013-10-28 11:26:27.558 [SEVERE] field(Record Type) is not numeric; fieldLength(2) hex contents(9120) (com.x9ware.base.X9Reader.getBytesAsNumeric:1115) 
2013-10-28 11:26:27.558 [SEVERE] field(Record Type) is not numeric; fieldLength(2) hex contents(38F9) (com.x9ware.base.X9Reader.getBytesAsNumeric:1115) 
2013-10-28 11:26:27.558 [SEVERE] field(Record Type) is not numeric; fieldLength(2) hex contents(23C3) (com.x9ware.base.X9Reader.getBytesAsNumeric:1115) 
2013-10-28 11:26:27.558 [SEVERE] field(Record Type) is not numeric; fieldLength(2) hex contents(3399) (com.x9ware.base.X9Reader.getBytesAsNumeric:1115) 
2013-10-28 11:26:27.558 [SEVERE] field(Record Type) is not numeric; fieldLength(2) hex contents(E1F8) (com.x9ware.base.X9Reader.getBytesAsNumeric:1115) 
2013-10-28 11:26:27.559 [SEVERE] field(Record Type) is not numeric; fieldLength(2) hex contents(2096) (com.x9ware.base.X9Reader.getBytesAsNumeric:1115) 
2013-10-28 11:26:27.559 [SEVERE] field(Record Type) is not numeric; fieldLength(2) hex contents(117E) (com.x9ware.base.X9Reader.getBytesAsNumeric:1115) 
2013-10-28 11:26:27.559 [SEVERE] field(Record Type) is not numeric; fieldLength(2) hex contents(287F) (com.x9ware.base.X9Reader.getBytesAsNumeric:1115) 
2013-10-28 11:26:27.559 [SEVERE] field(Record Type) is not numeric; fieldLength(2) hex contents(5DFC) (com.x9ware.base.X9Reader.getBytesAsNumeric:1115) 
2013-10-28 11:26:27.560 [SEVERE] field(Record Type) is not numeric; fieldLength(2) hex contents(15F2) (com.x9ware.base.X9Reader.getBytesAsNumeric:1115) 
2013-10-28 11:26:27.560 [SEVERE] field(Record Type) is not numeric; fieldLength(2) hex contents(1515) (com.x9ware.base.X9Reader.getBytesAsNumeric:1115) 
2013-10-28 11:26:27.560 [SEVERE] field(Record Type) is not numeric; fieldLength(2) hex contents(DD43) (com.x9ware.base.X9Reader.getBytesAsNumeric:1115) 
2013-10-28 11:26:27.560 [SEVERE] field(Record Type) is not numeric; fieldLength(2) hex contents(505E) (com.x9ware.base.X9Reader.getBytesAsNumeric:1115) 
2013-10-28 11:26:27.561 [SEVERE] field(Record Type) is not numeric; fieldLength(2) hex contents(7F6E) (com.x9ware.base.X9Reader.getBytesAsNumeric:1115) 
2013-10-28 11:26:27.561 [SEVERE] field(Record Type) is not numeric; fieldLength(2) hex contents(56A4) (com.x9ware.base.X9Reader.getBytesAsNumeric:1115) 
2013-10-28 11:26:27.561 [SEVERE] field(Record Type) is not numeric; fieldLength(2) hex contents(18CB) (com.x9ware.base.X9Reader.getBytesAsNumeric:1115) 
2013-10-28 11:26:27.561 [SEVERE] field(Record Type) is not numeric; fieldLength(2) hex contents(C8A8) (com.x9ware.base.X9Reader.getBytesAsNumeric:1115) 
2013-10-28 11:26:27.561 [SEVERE] field(Record Type) is not numeric; fieldLength(2) hex contents(2218) (com.x9ware.base.X9Reader.getBytesAsNumeric:1115) 
2013-10-28 11:26:27.562 [SEVERE] field(Record Type) is not numeric; fieldLength(2) hex contents(088E) (com.x9ware.base.X9Reader.getBytesAsNumeric:1115) 
2013-10-28 11:26:27.562 [SEVERE] field(Record Type) is not numeric; fieldLength(2) hex contents(AFBF) (com.x9ware.base.X9Reader.getBytesAsNumeric:1115) 
2013-10-28 11:26:27.562 [SEVERE] field(Record Type) is not numeric; fieldLength(2) hex contents(40BF) (com.x9ware.base.X9Reader.getBytesAsNumeric:1115) 
2013-10-28 11:26:27.562 [SEVERE] field(Record Type) is not numeric; fieldLength(2) hex contents(77F6) (com.x9ware.base.X9Reader.getBytesAsNumeric:1115) 
2013-10-28 11:26:27.563 [SEVERE] field(Record Type) is not numeric; fieldLength(2) hex contents(9F17) (com.x9ware.base.X9Reader.getBytesAsNumeric:1115) 
2013-10-28 11:26:27.563 [SEVERE] field(Record Type) is not numeric; fieldLength(2) hex contents(5EBB) (com.x9ware.base.X9Reader.getBytesAsNumeric:1115) 
2013-10-28 11:26:27.563 [SEVERE] field(Record Type) is not numeric; fieldLength(2) hex contents(EDFF) (com.x9ware.base.X9Reader.getBytesAsNumeric:1115) 
2013-10-28 11:26:27.563 [SEVERE] field(Record Type) is not numeric; fieldLength(2) hex contents(B90F) (com.x9ware.base.X9Reader.getBytesAsNumeric:1115) 
2013-10-28 11:26:27.563 [SEVERE] field(Record Type) is not numeric; fieldLength(2) hex contents(C410) (com.x9ware.base.X9Reader.getBytesAsNumeric:1115) 
2013-10-28 11:26:27.564 [SEVERE] field(Record Type) is not numeric; fieldLength(2) hex contents(BF0C) (com.x9ware.base.X9Reader.getBytesAsNumeric:1115) 
2013-10-28 11:26:27.564 [SEVERE] field(Record Type) is not numeric; fieldLength(2) hex contents(D88F) (com.x9ware.base.X9Reader.getBytesAsNumeric:1115) 
2013-10-28 11:26:27.564 [SEVERE] field(Record Type) is not numeric; fieldLength(2) hex contents(5C5C) (com.x9ware.base.X9Reader.getBytesAsNumeric:1115) 
2013-10-28 11:26:27.564 [SEVERE] field(Record Type) is not numeric; fieldLength(2) hex contents(4239) (com.x9ware.base.X9Reader.getBytesAsNumeric:1115) 
2013-10-28 11:26:27.565 [SEVERE] field(Record Type) is not numeric; fieldLength(2) hex contents(4856) (com.x9ware.base.X9Reader.getBytesAsNumeric:1115) 
2013-10-28 11:26:27.565 [SEVERE] field(Record Type) is not numeric; fieldLength(2) hex contents(FFDF) (com.x9ware.base.X9Reader.getBytesAsNumeric:1115) 
2013-10-28 11:26:27.565 [SEVERE] field(Record Type) is not numeric; fieldLength(2) hex contents(B1AF) (com.x9ware.base.X9Reader.getBytesAsNumeric:1115) 
2013-10-28 11:26:27.565 [SEVERE] field(Record Type) is not numeric; fieldLength(2) hex contents(A14F) (com.x9ware.base.X9Reader.getBytesAsNumeric:1115) 
2013-10-28 11:26:27.565 [SEVERE] field(Record Type) is not numeric; fieldLength(2) hex contents(3684) (com.x9ware.base.X9Reader.getBytesAsNumeric:1115) 
2013-10-28 11:26:27.566 [SEVERE] field(Record Type) is not numeric; fieldLength(2) hex contents(C305) (com.x9ware.base.X9Reader.getBytesAsNumeric:1115) 
2013-10-28 11:26:27.566 [SEVERE] field(Record Type) is not numeric; fieldLength(2) hex contents(B57B) (com.x9ware.base.X9Reader.getBytesAsNumeric:1115) 
2013-10-28 11:26:27.566 [SEVERE] field(Record Type) is not numeric; fieldLength(2) hex contents(DFDF) (com.x9ware.base.X9Reader.getBytesAsNumeric:1115) 
2013-10-28 11:26:27.566 [SEVERE] field(Record Type) is not numeric; fieldLength(2) hex contents(A909) (com.x9ware.base.X9Reader.getBytesAsNumeric:1115) 
2013-10-28 11:26:27.566 [SEVERE] field(Record Type) is not numeric; fieldLength(2) hex contents(BC8C) (com.x9ware.base.X9Reader.getBytesAsNumeric:1115) 
2013-10-28 11:26:27.567 [SEVERE] field(Record Type) is not numeric; fieldLength(2) hex contents(BBCB) (com.x9ware.base.X9Reader.getBytesAsNumeric:1115) 
2013-10-28 11:26:27.567 [SEVERE] field(Record Type) is not numeric; fieldLength(2) hex contents(F658) (com.x9ware.base.X9Reader.getBytesAsNumeric:1115) 
2013-10-28 11:26:27.567 [SEVERE] field(Record Type) is not numeric; fieldLength(2) hex contents(0DBA) (com.x9ware.base.X9Reader.getBytesAsNumeric:1115) 
2013-10-28 11:26:27.567 [SEVERE] field(Record Type) is not numeric; fieldLength(2) hex contents(085F) (com.x9ware.base.X9Reader.getBytesAsNumeric:1115) 
2013-10-28 11:26:27.568 [SEVERE] field(Record Type) is not numeric; fieldLength(2) hex contents(6FEF) (com.x9ware.base.X9Reader.getBytesAsNumeric:1115) 
2013-10-28 11:26:27.568 [SEVERE] field(Record Type) is not numeric; fieldLength(2) hex contents(D7FE) (com.x9ware.base.X9Reader.getBytesAsNumeric:1115) 
2013-10-28 11:26:27.568 [SEVERE] field(Record Type) is not numeric; fieldLength(2) hex contents(01B0) (com.x9ware.base.X9Reader.getBytesAsNumeric:1115) 
2013-10-28 11:26:27.568 [SEVERE] field(Record Type) is not numeric; fieldLength(2) hex contents(C739) (com.x9ware.base.X9Reader.getBytesAsNumeric:1115) 
2013-10-28 11:26:27.568 [SEVERE] field(Record Type) is not numeric; fieldLength(2) hex contents(14EB) (com.x9ware.base.X9Reader.getBytesAsNumeric:1115) 
2013-10-28 11:26:27.569 [SEVERE] field(Record Type) is not numeric; fieldLength(2) hex contents(AA66) (com.x9ware.base.X9Reader.getBytesAsNumeric:1115) 
2013-10-28 11:26:27.569 [SEVERE] field(Record Type) is not numeric; fieldLength(2) hex contents(BBAF) (com.x9ware.base.X9Reader.getBytesAsNumeric:1115) 
2013-10-28 11:26:27.569 [SEVERE] field(Record Type) is not numeric; fieldLength(2) hex contents(76BB) (com.x9ware.base.X9Reader.getBytesAsNumeric:1115) 
2013-10-28 11:26:27.569 [SEVERE] field(Record Type) is not numeric; fieldLength(2) hex contents(7FD6) (com.x9ware.base.X9Reader.getBytesAsNumeric:1115) 
2013-10-28 11:26:27.570 [SEVERE] field(Record Type) is not numeric; fieldLength(2) hex contents(E437) (com.x9ware.base.X9Reader.getBytesAsNumeric:1115) 
2013-10-28 11:26:27.570 [SEVERE] field(Record Type) is not numeric; fieldLength(2) hex contents(DFF9) (com.x9ware.base.X9Reader.getBytesAsNumeric:1115) 
2013-10-28 11:26:27.570 [SEVERE] field(Record Type) is not numeric; fieldLength(2) hex contents(FBF8) (com.x9ware.base.X9Reader.getBytesAsNumeric:1115) 
2013-10-28 11:26:27.570 [SEVERE] field(Record Type) is not numeric; fieldLength(2) hex contents(C434) (com.x9ware.base.X9Reader.getBytesAsNumeric:1115) 
2013-10-28 11:26:27.571 [SEVERE] field(Record Type) is not numeric; fieldLength(2) hex contents(09AA) (com.x9ware.base.X9Reader.getBytesAsNumeric:1115) 
2013-10-28 11:26:27.571 [SEVERE] field(Record Type) is not numeric; fieldLength(2) hex contents(FFAE) (com.x9ware.base.X9Reader.getBytesAsNumeric:1115) 
2013-10-28 11:26:27.571 [SEVERE] invalid record count limit reached and will now abort (com.x9ware.base.X9Reader.readRecord:603) 
2013-10-28 11:26:27.571 [INFO] Number of items added to X9Object Arraylist = 107 (com.x9ware.main.X9Loader.loadFile:254) 
2013-10-28 11:26:27.572 [INFO] Number of times that input x9 Ebcdic data was stored(0) (com.x9ware.main.X9Loader.loadFile:259) 
2013-10-28 11:26:27.572 [INFO] Size(5 mb) character set(Ascii) field zero lengths(no) file timestamp(Mon Oct 28 11:26:17 MDT 2013) (com.x9ware.event.X9BulletinManager.fireEvent:73) 
2013-10-28 11:26:27.572 [INFO] File header creation date(20131028) time(0000) modifier() (com.x9ware.event.X9BulletinManager.fireEvent:73) 
2013-10-28 11:26:27.573 [INFO] Tag treeMap entries found(0) created (0) updated(0) (com.x9ware.tag.X9TagManager.close:94) 
2013-10-28 11:26:27.573 [INFO] after Loader; total memory(43,252k) free memory(3,803k) (com.x9ware.main.X9Driver.logMemoryUsage:731) 
2013-10-28 11:26:27.573 [INFO] after Reporter; total memory(43,252k) free memory(3,786k) (com.x9ware.main.X9Driver.logMemoryUsage:731) 
2013-10-28 11:26:27.573 [INFO] Gui refreshPanels entered(Mon Oct 28 11:26:27 MDT 2013) (com.x9ware.gui.X9GuiRun.refreshPanels:539) 
2013-10-28 11:26:27.574 [INFO] Number of x9 records(107) (com.x9ware.base.X9ObjectManager.propagateCountsAndAmounts:306) 
2013-10-28 11:26:27.574 [INFO] Gui propogation completed(Mon Oct 28 11:26:27 MDT 2013) (com.x9ware.gui.X9GuiRun.refreshPanels:554) 
2013-10-28 11:26:27.574 [INFO] Number of nodes(5) in tree(ICL Viewer) (com.x9ware.ui.X9TreeUi.refreshTree:503) 
2013-10-28 11:26:27.576 [INFO] Gui icl tree refreshed(Mon Oct 28 11:26:27 MDT 2013) (com.x9ware.gui.X9GuiRun.refreshPanels:573) 
2013-10-28 11:26:27.604 [INFO] Gui record type report completed(Mon Oct 28 11:26:27 MDT 2013) (com.x9ware.gui.X9GuiRun.refreshPanels:627) 
2013-10-28 11:26:27.604 [INFO] Error maps created(0) and updated(0) summary errorMaps created(0) and updated(0) (com.x9ware.error.X9ErrorManager.logMetrics:476) 
2013-10-28 11:26:27.606 [INFO] No validations were performed: please consider an upgrade to X9Validator or X9Assist (com.x9ware.event.X9BulletinManager.fireEvent:73) 
2013-10-28 11:26:28.469 [INFO] Gui refreshPanels exit(Mon Oct 28 11:26:28 MDT 2013) (com.x9ware.gui.X9GuiRun.refreshPanels:766) 
2013-10-28 11:26:28.469 [INFO] after Reporter; total memory(86,260k) free memory(5,195k) (com.x9ware.main.X9Driver.logMemoryUsage:731) 
2013-10-28 11:26:28.470 [INFO] after Overall Run; total memory(86,260k) free memory(5,195k) (com.x9ware.main.X9Driver.logMemoryUsage:731) 
2013-10-28 11:26:28.470 [INFO] driver completed(successful) (com.x9ware.main.X9Driver$1.run:269) 
2013-10-28 11:26:59.793 [INFO] X9Exit entered returnCode(0) reason(normal completion) (com.x9ware.system.X9Exit.issueSystemExit:90) 
2013-10-28 11:26:59.795 [INFO] shutdownEvent entered (com.x9ware.gui.X9GuiShutdown.shutdownEvent:89) 
2013-10-28 11:26:59.795 [INFO] shutdown initiated (com.x9ware.gui.X9GuiShutdown.finish:124) 
2013-10-28 11:26:59.795 [INFO] closed(C:\Users\jjv\Desktop\Deposit.X9) poolEntries(0) (com.x9ware.imaging.X9ImageReader.close:641) 
2013-10-28 11:26:59.795 [INFO] populateNearbyCachePerformed(0) populateNearbyCacheBypassed(0) (com.x9ware.imaging.X9ImageReader.logStatistics:679) 
2013-10-28 11:26:59.798 [INFO] preferences file has been written(C:\Users\jjv\Documents\x9_assist\xml\preferences_R2.07.2013.08.19.xml) (com.x9ware.tools.X9Jdom.putXmlDocument:556) 
2013-10-28 11:26:59.798 [INFO] purgeFiles from folder(C:\Users\jjv\Documents\x9_assist\xml) retentionDays(7) and calculated expirationDate(2013/10/21) (com.x9ware.tools.X9Folder.purgeFilesFromFolder:162) 
2013-10-28 11:26:59.799 [INFO] purgeFiles filtered fileCount(0) folder(C:\Users\jjv\Documents\x9_assist\xml) (com.x9ware.tools.X9Folder.purgeFilesFromFolder:177) 
2013-10-28 11:26:59.800 [INFO] purgeFiles from folder(C:\Users\jjv\Documents\x9_assist\xml) retentionDays(7) and calculated expirationDate(2013/10/21) (com.x9ware.tools.X9Folder.purgeFilesFromFolder:162) 
2013-10-28 11:26:59.801 [INFO] purgeFiles filtered fileCount(0) folder(C:\Users\jjv\Documents\x9_assist\xml) (com.x9ware.tools.X9Folder.purgeFilesFromFolder:177) 
2013-10-28 11:26:59.801 [INFO] imageCache hits(0) misses(0) puts(0) (com.x9ware.imaging.X9ImageCache.logStatistics:166) 
2013-10-28 11:26:59.801 [INFO] fontCache hits(169) misses(4) puts(4) (com.x9ware.tools.X9FontCache.logStatistics:160) 
2013-10-28 11:26:59.801 [INFO] font load requests(3) loads from folders(1) load fails(0) (com.x9ware.tools.X9FontManager.logStatistics:288) 
2013-10-28 11:26:59.802 [INFO] threadPool shutdown complete; largestPoolSize(10) completedTaskCount(14) activeThreads(0) (com.x9ware.tools.X9ThreadPool.poolShutdown:114) 
2013-10-28 11:26:59.803 [INFO] log handler list located(java.util.logging.LogManager$RootLogger@10078648) (com.x9ware.logging.X9LogJdk.close:218) 
2013-10-28 11:26:59.803 [INFO] log closed (com.x9ware.logging.X9LogJdk.close:229) 
