2013-10-29 10:11:18.843 [INFO] Options File(C:\Users\jjv\Documents\x9_assist\xml\options\options.xml) is being opened (com.x9ware.tools.X9Jdom.getXmlDocument:268) 
2013-10-29 10:11:18.876 [INFO] Options file loaded(C:\Users\jjv\Documents\x9_assist\xml\options\options.xml) release(R2.07) (com.x9ware.options.X9OptionsManager.readXmlFile:361) 
2013-10-29 10:11:18.934 [INFO] Branded logo(logoFront) created with imageLength (14217) (com.x9ware.logo.X9Logo.<init>:141) 
2013-10-29 10:11:18.967 [INFO] Branded logo(logoBack) created with imageLength (17427) (com.x9ware.logo.X9Logo.<init>:141) 
2013-10-29 10:11:18.969 [INFO] Micr font parameters set as fontName(PrecisionIdMICR.ttf) exists(true) size(32.55) style(0) transitSymbol(A) amountSymbol(B) onusSymbol(C) dashSymbol(D) (com.x9ware.micr.X9MicrFont.<init>:115) 
2013-10-29 10:11:19.859 [INFO] setting look and feel(Windows) (com.x9ware.swing.X9LookAndFeel.setLookAndFeel:167) 
2013-10-29 10:11:19.878 [INFO] startup: copyFolders completed (com.x9ware.main.X9CopyFolders.copy:164) 
2013-10-29 10:11:19.880 [INFO] license file(C:\Users\jjv\Documents\x9_assist\license\license_20131029_101119_879.xml) is being loaded (com.x9ware.license.X9License.readLicenseFile:206) 
2013-10-29 10:11:19.888 [INFO] Xml license rootName(x9license) (com.x9ware.license.X9License.readLicenseFile:252) 
2013-10-29 10:11:19.890 [INFO] File deleted(C:\Users\jjv\Documents\x9_assist\license\license_20131029_101119_879.xml) (com.x9ware.tools.X9File.delete:118) 
2013-10-29 10:11:19.890 [INFO] license has been loaded with clientName(X9Vision) companyName(X9Ware LLC) type(1) licenseName(X9Vision) entered(2013/09/23) expires(2014/09/23) (com.x9ware.license.X9License.logLicenseInfo:885) 
2013-10-29 10:11:19.890 [INFO] Config file(C:\Users\jjv\Documents\x9_assist\xml\config.xml) is being opened (com.x9ware.tools.X9Jdom.getXmlDocument:268) 
2013-10-29 10:11:19.892 [INFO] Xml configuration file has been loaded(C:\Users\jjv\Documents\x9_assist\xml\config.xml) number of entries(10) (com.x9ware.config.X9ConfigManager.readXmlFile:550) 
2013-10-29 10:11:19.892 [INFO] Mapping file(C:\Users\jjv\Documents\x9_assist\xml\map.xml) is being opened (com.x9ware.tools.X9Jdom.getXmlDocument:268) 
2013-10-29 10:11:19.893 [INFO] Xml mapping file has been loaded(C:\Users\jjv\Documents\x9_assist\xml\map.xml) number of entries(4) (com.x9ware.mapping.X9MappingManager.readXmlFile:174) 
2013-10-29 10:11:19.894 [INFO] Routing file(C:\Users\jjv\Documents\x9_assist\xml\routing.xml) is being opened (com.x9ware.tools.X9Jdom.getXmlDocument:268) 
2013-10-29 10:11:19.895 [INFO] Xml routing file has been loaded(C:\Users\jjv\Documents\x9_assist\xml\routing.xml) number of entries(2) (com.x9ware.routing.X9RoutingManager.readXmlFile:263) 
2013-10-29 10:11:19.895 [INFO] ModCheck file(C:\Users\jjv\Documents\x9_assist\xml\modCheck.xml) is being opened (com.x9ware.tools.X9Jdom.getXmlDocument:268) 
2013-10-29 10:11:19.896 [INFO] Xml modCheck file has been loaded(C:\Users\jjv\Documents\x9_assist\xml\modCheck.xml) number of entries(2) (com.x9ware.modcheck.X9ModCheckManager.readXmlFile:221) 
2013-10-29 10:11:19.951 [INFO] preferences file(C:\Users\jjv\Documents\x9_assist\xml\preferences_R2.07.2013.08.19.xml) is being opened (com.x9ware.tools.X9Jdom.getXmlDocument:268) 
2013-10-29 10:11:19.953 [INFO] preferencesfile (C:\Users\jjv\Documents\x9_assist\xml\preferences_R2.07.2013.08.19.xml) loaded for monitorSize(1920x1080) (com.x9ware.preferences.X9PreferencesXml.readXmlFile:207) 
2013-10-29 10:11:21.457 [INFO] startup: initializeClasses exit (com.x9ware.gui.X9GuiBase.initializeClasses:557) 
2013-10-29 10:11:21.458 [INFO] Folder(x9rules) mapping(C:\Program Files (x86)\X9Ware LLC\X9assist 2.07\rules\x9rules) (com.x9ware.options.X9OptionsManager.logFolderNameDuringStartup:473) 
2013-10-29 10:11:21.458 [INFO] Folder(tiffrules) mapping(C:\Program Files (x86)\X9Ware LLC\X9assist 2.07\rules\tiffrules) (com.x9ware.options.X9OptionsManager.logFolderNameDuringStartup:473) 
2013-10-29 10:11:21.458 [INFO] Folder(messages) mapping(C:\Program Files (x86)\X9Ware LLC\X9assist 2.07\rules\messages) (com.x9ware.options.X9OptionsManager.logFolderNameDuringStartup:473) 
2013-10-29 10:11:21.459 [INFO] Folder(options) mapping(C:\Users\jjv\Documents\x9_assist\xml\options) (com.x9ware.options.X9OptionsManager.logFolderNameDuringStartup:473) 
2013-10-29 10:11:21.459 [INFO] Folder(makeItems) mapping(C:\Users\jjv\Documents\x9_assist\xml\makeItems) (com.x9ware.options.X9OptionsManager.logFolderNameDuringStartup:473) 
2013-10-29 10:11:21.459 [INFO] Folder(scrub) mapping(C:\Users\jjv\Documents\x9_assist\xml\scrub) (com.x9ware.options.X9OptionsManager.logFolderNameDuringStartup:473) 
2013-10-29 10:11:21.459 [INFO] Folder(generate) mapping(C:\Users\jjv\Documents\x9_assist\xml\generate) (com.x9ware.options.X9OptionsManager.logFolderNameDuringStartup:473) 
2013-10-29 10:11:21.460 [INFO] Folder(proportional) mapping(C:\Program Files (x86)\X9Ware LLC\X9assist 2.07\fonts\proportional) (com.x9ware.options.X9OptionsManager.logFolderNameDuringStartup:473) 
2013-10-29 10:11:21.460 [INFO] Folder(nonproportional) mapping(C:\Program Files (x86)\X9Ware LLC\X9assist 2.07\fonts\nonproportional) (com.x9ware.options.X9OptionsManager.logFolderNameDuringStartup:473) 
2013-10-29 10:11:21.460 [INFO] Folder(handwriting) mapping(C:\Program Files (x86)\X9Ware LLC\X9assist 2.07\fonts\handwriting) (com.x9ware.options.X9OptionsManager.logFolderNameDuringStartup:473) 
2013-10-29 10:11:21.460 [INFO] Folder(micr) mapping(C:\Program Files (x86)\X9Ware LLC\X9assist 2.07\fonts\micr) (com.x9ware.options.X9OptionsManager.logFolderNameDuringStartup:473) 
2013-10-29 10:11:21.461 [INFO] Folder(routing) mapping(C:\Users\jjv\Documents\x9_assist\lists\routing) (com.x9ware.options.X9OptionsManager.logFolderNameDuringStartup:473) 
2013-10-29 10:11:21.461 [INFO] Folder(useCases) mapping(C:\Users\jjv\Documents\x9_assist\lists\useCases) (com.x9ware.options.X9OptionsManager.logFolderNameDuringStartup:473) 
2013-10-29 10:11:21.465 [INFO] X9Assist release(R2.07) build(2013.08.19) (com.x9ware.gui.X9GuiStart.initialize:212) 
2013-10-29 10:11:21.465 [INFO] LAUNCH_FOLDER(C:\Program Files (x86)\X9Ware LLC\X9assist 2.07) (com.x9ware.gui.X9GuiStart.initialize:219) 
2013-10-29 10:11:21.465 [INFO] applicationHomeFolder(C:\Users\jjv\Documents\x9_assist) (com.x9ware.gui.X9GuiStart.initialize:220) 
2013-10-29 10:11:21.465 [INFO] isJetCompiled(true) javaHome(C:\Program Files (x86)\X9Ware LLC\X9assist 2.07\rt) javaVersion(1.6.0_43) (com.x9ware.gui.X9GuiStart.initialize:221) 
2013-10-29 10:11:21.466 [INFO] Gui startup environment: Java is64Bit(true) total memory(37,376k) free memory(12,264k) (com.x9ware.gui.X9GuiStart.initialize:229) 
2013-10-29 10:11:21.467 [INFO] Ask once file(C:\Users\jjv\Documents\x9_assist\xml\askOnce.xml) is being opened (com.x9ware.tools.X9Jdom.getXmlDocument:268) 
2013-10-29 10:11:21.467 [INFO] Tiff rules file(C:\Program Files (x86)\X9Ware LLC\X9assist 2.07\rules\tiffrules\tiffrules.xml) is being opened (com.x9ware.tools.X9Jdom.getXmlDocument:268) 
2013-10-29 10:11:21.468 [INFO] Messages file(C:\Program Files (x86)\X9Ware LLC\X9assist 2.07\rules\messages\messages.xml) is being opened (com.x9ware.tools.X9Jdom.getXmlDocument:268) 
2013-10-29 10:11:21.467 [INFO] x9 rules file(C:\Program Files (x86)\X9Ware LLC\X9assist 2.07\rules\x9rules\x9rules_x937.xml) is being opened (com.x9ware.tools.X9Jdom.getXmlDocument:268) 
2013-10-29 10:11:21.468 [INFO] Options file already loaded(C:\Users\jjv\Documents\x9_assist\xml\options\options.xml) (com.x9ware.options.X9OptionsManager.readXmlFile:234) 
2013-10-29 10:11:21.469 [INFO] Xml ask once file has been loaded(C:\Users\jjv\Documents\x9_assist\xml\askOnce.xml) number of entries(0) (com.x9ware.main.X9AskOnce.readXmlFile:294) 
2013-10-29 10:11:21.470 [INFO] xml lookup table(C:\Program Files (x86)\X9Ware LLC\X9assist 2.07\rules\tables\ccdRegion.xml) is being opened (com.x9ware.tools.X9Jdom.getXmlDocument:268) 
2013-10-29 10:11:21.470 [INFO] TagManager static has been reset (com.x9ware.tag.X9TagManager.reset:87) 
2013-10-29 10:11:21.471 [INFO] xml table(C:\Program Files (x86)\X9Ware LLC\X9assist 2.07\rules\tables\ccdRegion.xml) entryCount(7) totalTables(0) (com.x9ware.records.X9XmlTable.readXmlFile:130) 
2013-10-29 10:11:21.471 [INFO] Tiff rules file loaded(C:\Program Files (x86)\X9Ware LLC\X9assist 2.07\rules\tiffrules\tiffrules.xml) (com.x9ware.tiff.X9TiffRules.readXmlFile:204) 
2013-10-29 10:11:21.471 [INFO] xml lookup table(C:\Program Files (x86)\X9Ware LLC\X9assist 2.07\rules\tables\ccdFI.xml) is being opened (com.x9ware.tools.X9Jdom.getXmlDocument:268) 
2013-10-29 10:11:21.472 [INFO] Xml defined error message entries(189) (com.x9ware.message.X9MessageManager.readXmlFile:142) 
2013-10-29 10:11:21.472 [INFO] xml table(C:\Program Files (x86)\X9Ware LLC\X9assist 2.07\rules\tables\ccdFI.xml) entryCount(12) totalTables(1) (com.x9ware.records.X9XmlTable.readXmlFile:130) 
2013-10-29 10:11:21.472 [INFO] startup: task2 completed (com.x9ware.gui.X9GuiBase$2.run:602) 
2013-10-29 10:11:21.473 [INFO] Messages file loaded(C:\Program Files (x86)\X9Ware LLC\X9assist 2.07\rules\messages\messages.xml) (com.x9ware.message.X9MessageManager.readXmlFile:181) 
2013-10-29 10:11:21.474 [INFO] xml base document has been loaded(C:\Program Files (x86)\X9Ware LLC\X9assist 2.07\rules\x9rules\x9rules_x937.xml) (com.x9ware.records.X9Rules.loadBaseRules:410) 
2013-10-29 10:11:21.476 [INFO] x9 rules file loaded(C:\Program Files (x86)\X9Ware LLC\X9assist 2.07\rules\x9rules\x9rules_x937.xml) (com.x9ware.records.X9Rules.readXmlFile:332) 
2013-10-29 10:11:21.476 [INFO] startup: task1 completed (com.x9ware.gui.X9GuiBase$1.run:583) 
2013-10-29 10:11:21.477 [INFO] startup: loadXmlFilesAtStartup exit (com.x9ware.gui.X9GuiBase.loadXmlFilesAtStartup:631) 
2013-10-29 10:11:21.477 [INFO] Check format file(C:\Users\jjv\Documents\x9_assist\xml\checkFormats.xml) is being opened (com.x9ware.tools.X9Jdom.getXmlDocument:268) 
2013-10-29 10:11:22.295 [INFO] Xml checkFormat file has been loaded(C:\Users\jjv\Documents\x9_assist\xml\checkFormats.xml) number of entries(2) (com.x9ware.imaging.X9CheckManager.readXmlFile:530) 
2013-10-29 10:11:22.506 [INFO] resident objects enabled for types 1 10 20 61 70 90 99 (com.x9ware.records.X9RulesManager.setIsTypeSpecificObjectResidentEnabled:577) 
2013-10-29 10:11:22.507 [INFO] file(C:\Users\jjv\Desktop\Deposit.X9) run_Option(0) (com.x9ware.main.X9Driver.<init>:205) 
2013-10-29 10:11:22.507 [INFO] TagManager static has been reset (com.x9ware.tag.X9TagManager.reset:87) 
2013-10-29 10:11:22.932 [INFO] purgeFiles from folder(C:\Users\jjv\Documents\x9_assist\log) retentionDays(2) and calculated expirationDate(2013/10/27) (com.x9ware.tools.X9Folder.purgeFilesFromFolder:162) 
2013-10-29 10:11:22.932 [INFO] after Loader; total memory(37,216k) free memory(3,617k) (com.x9ware.main.X9Driver.logMemoryUsage:731) 
2013-10-29 10:11:22.933 [INFO] Backup fileName for today(C:\Users\jjv\Documents\x9_assist\backup\Backup.XmlFile.20131029.zip) backupFileExists(true) backupOnEveryRun(false) (com.x9ware.tools.X9Backup.runBackup:106) 
2013-10-29 10:11:22.933 [INFO] all image files are closed (com.x9ware.imaging.X9ImageReader.close:637) 
2013-10-29 10:11:22.933 [INFO] purgeFiles from folder(C:\Users\jjv\Documents\x9_assist\backup) retentionDays(10) and calculated expirationDate(2013/10/19) (com.x9ware.tools.X9Folder.purgeFilesFromFolder:162) 
2013-10-29 10:11:22.933 [INFO] open for file(C:\Users\jjv\Desktop\Deposit.X9) (com.x9ware.imaging.X9ImageReader.open:604) 
2013-10-29 10:11:22.934 [INFO] purgeFiles filtered fileCount(0) folder(C:\Users\jjv\Documents\x9_assist\backup) (com.x9ware.tools.X9Folder.purgeFilesFromFolder:177) 
2013-10-29 10:11:22.935 [INFO] file backupCount(0) expired deleteCount(0) (com.x9ware.tools.X9Backup.runBackup:125) 
2013-10-29 10:11:22.935 [INFO] Read buffer allocated size(2049024) (com.x9ware.base.X9Reader.<init>:275) 
2013-10-29 10:11:22.935 [INFO] FileInputStream opened(C:\Users\jjv\Desktop\Deposit.X9) (com.x9ware.base.X9Reader.<init>:286) 
2013-10-29 10:11:22.936 [INFO] File(C:\Users\jjv\Desktop\Deposit.X9) (com.x9ware.event.X9BulletinManager.fireEvent:73) 
2013-10-29 10:11:22.963 [INFO] File header contains origination(044000037) destination(044000037) standardLevel(03) (com.x9ware.event.X9BulletinManager.fireEvent:73) 
2013-10-29 10:11:22.964 [INFO] Mapping key(all/all/all/all) structured as(origination/destination/standardsLevel/udcIndicator) (com.x9ware.config.X9Binder.bindToConfiguration:513) 
2013-10-29 10:11:22.964 [INFO] x9 rules file load already loaded(C:\Program Files (x86)\X9Ware LLC\X9assist 2.07\rules\x9rules\x9rules_x937.xml) (com.x9ware.records.X9Rules.readXmlFile:233) 
2013-10-29 10:11:22.964 [INFO] Tiff rules file already loaded(C:\Program Files (x86)\X9Ware LLC\X9assist 2.07\rules\tiffrules\tiffrules.xml) (com.x9ware.tiff.X9TiffRules.readXmlFile:174) 
2013-10-29 10:11:22.964 [INFO] Messages file already loaded(C:\Program Files (x86)\X9Ware LLC\X9assist 2.07\rules\messages\messages.xml) (com.x9ware.message.X9MessageManager.readXmlFile:87) 
2013-10-29 10:11:22.964 [INFO] Options file already loaded(C:\Users\jjv\Documents\x9_assist\xml\options\options.xml) (com.x9ware.options.X9OptionsManager.readXmlFile:234) 
2013-10-29 10:11:22.965 [INFO] Bind to configuration rules(x9.37) successful(yes) (com.x9ware.config.X9ConfigManager.loadXmlConfiguration:197) 
2013-10-29 10:11:22.965 [INFO] Bind to configuration rules(x9.37) (com.x9ware.event.X9BulletinManager.fireEvent:73) 
2013-10-29 10:11:22.965 [INFO] ==> x9rules(C:\Program Files (x86)\X9Ware LLC\X9assist 2.07\rules\x9rules\x9rules_x937.xml) (com.x9ware.config.X9Binder.bindToConfiguration:527) 
2013-10-29 10:11:22.966 [INFO] ==> tiffrules(C:\Program Files (x86)\X9Ware LLC\X9assist 2.07\rules\tiffrules\tiffrules.xml) (com.x9ware.config.X9Binder.bindToConfiguration:527) 
2013-10-29 10:11:22.966 [INFO] ==> messages(C:\Program Files (x86)\X9Ware LLC\X9assist 2.07\rules\messages\messages.xml) (com.x9ware.config.X9Binder.bindToConfiguration:527) 
2013-10-29 10:11:22.966 [INFO] ==> options(C:\Users\jjv\Documents\x9_assist\xml\options\options.xml) (com.x9ware.config.X9Binder.bindToConfiguration:527) 
2013-10-29 10:11:22.986 [INFO] File header contains origination(044000037) destination(044000037) standardLevel(03) (com.x9ware.event.X9BulletinManager.fireEvent:73) 
2013-10-29 10:11:22.986 [INFO] Mapping key(all/all/all/all) structured as(origination/destination/standardsLevel/udcIndicator) (com.x9ware.config.X9Binder.bindToConfiguration:513) 
2013-10-29 10:11:22.987 [INFO] x9 rules file load already loaded(C:\Program Files (x86)\X9Ware LLC\X9assist 2.07\rules\x9rules\x9rules_x937.xml) (com.x9ware.records.X9Rules.readXmlFile:233) 
2013-10-29 10:11:22.987 [INFO] Messages file already loaded(C:\Program Files (x86)\X9Ware LLC\X9assist 2.07\rules\messages\messages.xml) (com.x9ware.message.X9MessageManager.readXmlFile:87) 
2013-10-29 10:11:22.987 [INFO] Options file already loaded(C:\Users\jjv\Documents\x9_assist\xml\options\options.xml) (com.x9ware.options.X9OptionsManager.readXmlFile:234) 
2013-10-29 10:11:22.987 [INFO] Tiff rules file already loaded(C:\Program Files (x86)\X9Ware LLC\X9assist 2.07\rules\tiffrules\tiffrules.xml) (com.x9ware.tiff.X9TiffRules.readXmlFile:174) 
2013-10-29 10:11:22.987 [INFO] Bind to configuration rules(x9.37) successful(yes) (com.x9ware.config.X9ConfigManager.loadXmlConfiguration:197) 
2013-10-29 10:11:22.988 [INFO] Bind to configuration rules(x9.37) (com.x9ware.event.X9BulletinManager.fireEvent:73) 
2013-10-29 10:11:22.988 [INFO] ==> x9rules(C:\Program Files (x86)\X9Ware LLC\X9assist 2.07\rules\x9rules\x9rules_x937.xml) (com.x9ware.config.X9Binder.bindToConfiguration:527) 
2013-10-29 10:11:22.988 [INFO] ==> tiffrules(C:\Program Files (x86)\X9Ware LLC\X9assist 2.07\rules\tiffrules\tiffrules.xml) (com.x9ware.config.X9Binder.bindToConfiguration:527) 
2013-10-29 10:11:22.988 [INFO] ==> messages(C:\Program Files (x86)\X9Ware LLC\X9assist 2.07\rules\messages\messages.xml) (com.x9ware.config.X9Binder.bindToConfiguration:527) 
2013-10-29 10:11:22.989 [INFO] ==> options(C:\Users\jjv\Documents\x9_assist\xml\options\options.xml) (com.x9ware.config.X9Binder.bindToConfiguration:527) 
2013-10-29 10:11:22.989 [SEVERE] abortReader entered for x9file(C:\Users\jjv\Desktop\Deposit.X9) (com.x9ware.base.X9Reader.abortReader:1893) 
java.lang.Throwable
	at com.x9ware.base.X9Reader.abortReader(X9Reader.java:1893)
	at com.x9ware.base.X9Reader.getBytes(X9Reader.java:1214)
	at com.x9ware.base.X9Reader.getBytesAndTranslate(X9Reader.java:1141)
	at com.x9ware.base.X9Reader.readRecord(X9Reader.java:630)
	at com.x9ware.base.X9Reader.getNext(X9Reader.java:348)
	at com.x9ware.main.X9Loader.loadFile(X9Loader.java:158)
	at com.x9ware.main.X9Driver.runLoader(X9Driver.java:404)
	at com.x9ware.main.X9Driver.processFile(X9Driver.java:299)
	at com.x9ware.main.X9Driver.access$0(X9Driver.java:290)
	at com.x9ware.main.X9Driver$1.run(X9Driver.java:268)
	at java.util.concurrent.ThreadPoolExecutor$Worker.runTask(ThreadPoolExecutor$Worker.class)
	at java.util.concurrent.ThreadPoolExecutor$Worker.run(ThreadPoolExecutor$Worker.class)
	at java.lang.Thread.run(Thread.class)
2013-10-29 10:11:22.991 [SEVERE] X9Reader abort cause(BufferedInputStream read was unsuccessful; requestedReadLength(78) actualReadLength(66)) (com.x9ware.event.X9BulletinManager.fireEvent:65) 
2013-10-29 10:11:22.992 [SEVERE] X9Reader exception occurred at logical record(1057) file offset(5132060) (com.x9ware.event.X9BulletinManager.fireEvent:65) 
2013-10-29 10:11:22.992 [SEVERE] BufferedInputStream read was unsuccessful; requestedReadLength(78) actualReadLength(66) (com.x9ware.base.X9Reader.abortReader:1911) 
2013-10-29 10:11:22.992 [SEVERE] Records leading up to the point of failure (com.x9ware.event.X9BulletinManager.fireEvent:65) 
2013-10-29 10:11:22.993 [SEVERE] X9Reader: record(1052) dataLength(117) imageLength(12484) fileOffset(5106538) data (5204400003720131029  105                                                            0                0   0    0012484) (com.x9ware.event.X9BulletinManager.fireEvent:65) 
2013-10-29 10:11:22.993 [SEVERE] X9Reader: record(1053) dataLength(117) imageLength(12484) fileOffset(5119139) data (5204400003720131029  105                                                            0                0   0    0012484) (com.x9ware.event.X9BulletinManager.fireEvent:65) 
2013-10-29 10:11:22.994 [SEVERE] X9Reader: record(1054) dataLength(80) fileOffset(5131740) data (0103T044000037044000037201310290000NJPM Chase         ICLViaHealth              ) (com.x9ware.event.X9BulletinManager.fireEvent:65) 
2013-10-29 10:11:22.994 [SEVERE] X9Reader: record(1055) dataLength(80) fileOffset(5131820) data (70106000000000000000000000000212                                             701) (com.x9ware.event.X9BulletinManager.fireEvent:65) 
2013-10-29 10:11:22.995 [SEVERE] X9Reader: record(1056) dataLength(80) fileOffset(5131900) data (06000000000000000000000000212                                             901 0 ) (com.x9ware.event.X9BulletinManager.fireEvent:65) 
2013-10-29 10:11:22.995 [SEVERE] X9Reader: record(1057)*dataLength(80) fileOffset(5131980) data (    0       1                                                       991     14  ) (com.x9ware.event.X9BulletinManager.fireEvent:65) 
2013-10-29 10:11:22.996 [SEVERE] Error occured at file decimal offset(5132060) hex offset(00004E4F1C) (com.x9ware.base.X9Reader.logErrorDataForAnalysis:1724) 
2013-10-29 10:11:22.996 [INFO] logging at offset(5131860) after backing up 200 bytes for research (com.x9ware.base.X9Reader.logErrorDataForAnalysis:1733) 
2013-10-29 10:11:22.996 [INFO] +00004E4E54 2020202020202020 2020202020202020 2020202020202020 2020202020202020 (com.x9ware.tools.X9Hex.logBufferContents:172) 
2013-10-29 10:11:22.997 [INFO] +00004E4E74 2020202020373031 3036303030303030 3030303030303030 3030303030303030 (com.x9ware.tools.X9Hex.logBufferContents:172) 
2013-10-29 10:11:22.997 [INFO] +00004E4E94 3030323132202020 2020202020202020 2020202020202020 2020202020202020 (com.x9ware.tools.X9Hex.logBufferContents:172) 
2013-10-29 10:11:22.997 [INFO] +00004E4EB4 2020202020202020 2020202020202020 2020393031203020 2020202030202020 (com.x9ware.tools.X9Hex.logBufferContents:172) 
2013-10-29 10:11:22.997 [INFO] +00004E4ED4 2020202031202020 2020202020202020 2020202020202020 2020202020202020 (com.x9ware.tools.X9Hex.logBufferContents:172) 
2013-10-29 10:11:22.997 [INFO] +00004E4EF4 2020202020202020 2020202020202020 2020202020202020 2020202039393120 (com.x9ware.tools.X9Hex.logBufferContents:172) 
2013-10-29 10:11:22.998 [INFO] +00004E4F14 2020202031342020 2020202030202020 2020202030202020 2020202020202020 (com.x9ware.tools.X9Hex.logBufferContents:172) 
2013-10-29 10:11:22.998 [INFO] +00004E4F34 2020202020202020 2020202020202020 2020202020202020 2020202020202020 (com.x9ware.tools.X9Hex.logBufferContents:172) 
2013-10-29 10:11:22.998 [INFO] +00004E4F54 2020202020202020 20202020 (com.x9ware.tools.X9Hex.logBufferContents:172) 
2013-10-29 10:11:22.998 [INFO] x9 file closed(C:\Users\jjv\Desktop\Deposit.X9) (com.x9ware.base.X9Reader.close:1504) 
2013-10-29 10:11:22.999 [INFO] Number of items added to X9Object Arraylist = 1057 (com.x9ware.main.X9Loader.loadFile:254) 
2013-10-29 10:11:22.999 [INFO] Number of times that input x9 Ebcdic data was stored(0) (com.x9ware.main.X9Loader.loadFile:259) 
2013-10-29 10:11:22.999 [INFO] Size(5 mb) character set(Ascii) field zero lengths(no) file timestamp(Tue Oct 29 10:11:13 MDT 2013) (com.x9ware.event.X9BulletinManager.fireEvent:73) 
2013-10-29 10:11:23.000 [INFO] File header creation date(20131029) time(0000) modifier() (com.x9ware.event.X9BulletinManager.fireEvent:73) 
2013-10-29 10:11:23.000 [INFO] Tag treeMap entries found(0) created (0) updated(0) (com.x9ware.tag.X9TagManager.close:94) 
2013-10-29 10:11:23.000 [INFO] after Loader; total memory(43,360k) free memory(3,129k) (com.x9ware.main.X9Driver.logMemoryUsage:731) 
2013-10-29 10:11:23.000 [INFO] after Reporter; total memory(43,360k) free memory(3,129k) (com.x9ware.main.X9Driver.logMemoryUsage:731) 
2013-10-29 10:11:23.001 [INFO] Gui refreshPanels entered(Tue Oct 29 10:11:23 MDT 2013) (com.x9ware.gui.X9GuiRun.refreshPanels:539) 
2013-10-29 10:11:23.001 [INFO] Number of x9 records(1057) (com.x9ware.base.X9ObjectManager.propagateCountsAndAmounts:306) 
2013-10-29 10:11:23.001 [INFO] Gui propogation completed(Tue Oct 29 10:11:23 MDT 2013) (com.x9ware.gui.X9GuiRun.refreshPanels:554) 
2013-10-29 10:11:23.002 [INFO] Number of nodes(215) in tree(ICL Viewer) (com.x9ware.ui.X9TreeUi.refreshTree:503) 
2013-10-29 10:11:23.067 [INFO] Gui icl tree refreshed(Tue Oct 29 10:11:23 MDT 2013) (com.x9ware.gui.X9GuiRun.refreshPanels:573) 
2013-10-29 10:11:23.106 [INFO] purgeFiles filtered fileCount(0) folder(C:\Users\jjv\Documents\x9_assist\log) (com.x9ware.tools.X9Folder.purgeFilesFromFolder:177) 
2013-10-29 10:11:23.106 [INFO] purgeFiles from folder(C:\Users\jjv\Documents\x9_assist\log) retentionDays(2) and calculated expirationDate(2013/10/27) (com.x9ware.tools.X9Folder.purgeFilesFromFolder:162) 
2013-10-29 10:11:23.108 [INFO] purgeFiles filtered fileCount(0) folder(C:\Users\jjv\Documents\x9_assist\log) (com.x9ware.tools.X9Folder.purgeFilesFromFolder:177) 
2013-10-29 10:11:23.108 [INFO] purgeFiles from folder(C:\Users\jjv\Documents\x9_assist\license) retentionDays(2) and calculated expirationDate(2013/10/27) (com.x9ware.tools.X9Folder.purgeFilesFromFolder:162) 
2013-10-29 10:11:23.109 [INFO] purgeFiles filtered fileCount(0) folder(C:\Users\jjv\Documents\x9_assist\license) (com.x9ware.tools.X9Folder.purgeFilesFromFolder:177) 
2013-10-29 10:11:23.109 [INFO] purgeFiles from folder(C:\Users\jjv\Documents\x9_assist\reports) retentionDays(3) and calculated expirationDate(2013/10/26) (com.x9ware.tools.X9Folder.purgeFilesFromFolder:162) 
2013-10-29 10:11:23.109 [INFO] purgeFiles filtered fileCount(0) folder(C:\Users\jjv\Documents\x9_assist\reports) (com.x9ware.tools.X9Folder.purgeFilesFromFolder:177) 
2013-10-29 10:11:23.109 [INFO] purgeFiles from folder(C:\Users\jjv\Documents\x9_assist\reports) retentionDays(3) and calculated expirationDate(2013/10/26) (com.x9ware.tools.X9Folder.purgeFilesFromFolder:162) 
2013-10-29 10:11:23.110 [INFO] purgeFiles filtered fileCount(0) folder(C:\Users\jjv\Documents\x9_assist\reports) (com.x9ware.tools.X9Folder.purgeFilesFromFolder:177) 
2013-10-29 10:11:23.364 [INFO] Gui record type report completed(Tue Oct 29 10:11:23 MDT 2013) (com.x9ware.gui.X9GuiRun.refreshPanels:627) 
2013-10-29 10:11:23.364 [INFO] Error maps created(0) and updated(0) summary errorMaps created(0) and updated(0) (com.x9ware.error.X9ErrorManager.logMetrics:476) 
2013-10-29 10:11:23.367 [INFO] No validations were performed: please consider an upgrade to X9Validator or X9Assist (com.x9ware.event.X9BulletinManager.fireEvent:73) 
2013-10-29 10:11:24.000 [SEVERE] DefaultMutableTreeNode is null for recordNumber(1056) recordType(6) (com.x9ware.ui.X9TreeUi.getTreeNode:975) 
2013-10-29 10:11:25.445 [INFO] Gui refreshPanels exit(Tue Oct 29 10:11:25 MDT 2013) (com.x9ware.gui.X9GuiRun.refreshPanels:766) 
2013-10-29 10:11:25.446 [INFO] after Reporter; total memory(133,472k) free memory(5,278k) (com.x9ware.main.X9Driver.logMemoryUsage:731) 
2013-10-29 10:11:25.446 [INFO] after Overall Run; total memory(133,472k) free memory(5,262k) (com.x9ware.main.X9Driver.logMemoryUsage:731) 
2013-10-29 10:11:25.446 [INFO] driver completed(successful) (com.x9ware.main.X9Driver$1.run:269) 
2013-10-29 10:11:43.972 [INFO] X9Exit entered returnCode(0) reason(normal completion) (com.x9ware.system.X9Exit.issueSystemExit:90) 
2013-10-29 10:11:43.973 [INFO] shutdownEvent entered (com.x9ware.gui.X9GuiShutdown.shutdownEvent:89) 
2013-10-29 10:11:43.973 [INFO] shutdown initiated (com.x9ware.gui.X9GuiShutdown.finish:124) 
2013-10-29 10:11:43.973 [INFO] closed(C:\Users\jjv\Desktop\Deposit.X9) poolEntries(1) (com.x9ware.imaging.X9ImageReader.close:641) 
2013-10-29 10:11:43.974 [INFO] populateNearbyCachePerformed(1) populateNearbyCacheBypassed(0) (com.x9ware.imaging.X9ImageReader.logStatistics:679) 
2013-10-29 10:11:43.976 [INFO] preferences file has been written(C:\Users\jjv\Documents\x9_assist\xml\preferences_R2.07.2013.08.19.xml) (com.x9ware.tools.X9Jdom.putXmlDocument:556) 
2013-10-29 10:11:43.976 [INFO] purgeFiles from folder(C:\Users\jjv\Documents\x9_assist\xml) retentionDays(7) and calculated expirationDate(2013/10/22) (com.x9ware.tools.X9Folder.purgeFilesFromFolder:162) 
2013-10-29 10:11:43.978 [INFO] purgeFiles filtered fileCount(0) folder(C:\Users\jjv\Documents\x9_assist\xml) (com.x9ware.tools.X9Folder.purgeFilesFromFolder:177) 
2013-10-29 10:11:43.978 [INFO] purgeFiles from folder(C:\Users\jjv\Documents\x9_assist\xml) retentionDays(7) and calculated expirationDate(2013/10/22) (com.x9ware.tools.X9Folder.purgeFilesFromFolder:162) 
2013-10-29 10:11:43.979 [INFO] purgeFiles filtered fileCount(0) folder(C:\Users\jjv\Documents\x9_assist\xml) (com.x9ware.tools.X9Folder.purgeFilesFromFolder:177) 
2013-10-29 10:11:43.979 [INFO] imageCache hits(2) misses(2) puts(14) (com.x9ware.imaging.X9ImageCache.logStatistics:166) 
2013-10-29 10:11:43.979 [INFO] fontCache hits(169) misses(4) puts(4) (com.x9ware.tools.X9FontCache.logStatistics:160) 
2013-10-29 10:11:43.979 [INFO] font load requests(3) loads from folders(1) load fails(0) (com.x9ware.tools.X9FontManager.logStatistics:288) 
2013-10-29 10:11:43.981 [INFO] threadPool shutdown complete; largestPoolSize(10) completedTaskCount(19) activeThreads(0) (com.x9ware.tools.X9ThreadPool.poolShutdown:114) 
2013-10-29 10:11:43.981 [INFO] log handler list located(java.util.logging.LogManager$RootLogger@10078648) (com.x9ware.logging.X9LogJdk.close:218) 
2013-10-29 10:11:43.982 [INFO] log closed (com.x9ware.logging.X9LogJdk.close:229) 
