2013-10-29 11:18:20.190 [INFO] Options File(C:\Users\jjv\Documents\x9_assist\xml\options\options.xml) is being opened (com.x9ware.tools.X9Jdom.getXmlDocument:268) 
2013-10-29 11:18:20.222 [INFO] Options file loaded(C:\Users\jjv\Documents\x9_assist\xml\options\options.xml) release(R2.07) (com.x9ware.options.X9OptionsManager.readXmlFile:361) 
2013-10-29 11:18:20.277 [INFO] Branded logo(logoFront) created with imageLength (14217) (com.x9ware.logo.X9Logo.<init>:141) 
2013-10-29 11:18:20.309 [INFO] Branded logo(logoBack) created with imageLength (17427) (com.x9ware.logo.X9Logo.<init>:141) 
2013-10-29 11:18:20.311 [INFO] Micr font parameters set as fontName(PrecisionIdMICR.ttf) exists(true) size(32.55) style(0) transitSymbol(A) amountSymbol(B) onusSymbol(C) dashSymbol(D) (com.x9ware.micr.X9MicrFont.<init>:115) 
2013-10-29 11:18:21.179 [INFO] setting look and feel(Windows) (com.x9ware.swing.X9LookAndFeel.setLookAndFeel:167) 
2013-10-29 11:18:21.199 [INFO] startup: copyFolders completed (com.x9ware.main.X9CopyFolders.copy:164) 
2013-10-29 11:18:21.201 [INFO] license file(C:\Users\jjv\Documents\x9_assist\license\license_20131029_111821_200.xml) is being loaded (com.x9ware.license.X9License.readLicenseFile:206) 
2013-10-29 11:18:21.207 [INFO] Xml license rootName(x9license) (com.x9ware.license.X9License.readLicenseFile:252) 
2013-10-29 11:18:21.208 [INFO] File deleted(C:\Users\jjv\Documents\x9_assist\license\license_20131029_111821_200.xml) (com.x9ware.tools.X9File.delete:118) 
2013-10-29 11:18:21.209 [INFO] license has been loaded with clientName(X9Vision) companyName(X9Ware LLC) type(1) licenseName(X9Vision) entered(2013/09/23) expires(2014/09/23) (com.x9ware.license.X9License.logLicenseInfo:885) 
2013-10-29 11:18:21.209 [INFO] Config file(C:\Users\jjv\Documents\x9_assist\xml\config.xml) is being opened (com.x9ware.tools.X9Jdom.getXmlDocument:268) 
2013-10-29 11:18:21.210 [INFO] Xml configuration file has been loaded(C:\Users\jjv\Documents\x9_assist\xml\config.xml) number of entries(10) (com.x9ware.config.X9ConfigManager.readXmlFile:550) 
2013-10-29 11:18:21.211 [INFO] Mapping file(C:\Users\jjv\Documents\x9_assist\xml\map.xml) is being opened (com.x9ware.tools.X9Jdom.getXmlDocument:268) 
2013-10-29 11:18:21.212 [INFO] Xml mapping file has been loaded(C:\Users\jjv\Documents\x9_assist\xml\map.xml) number of entries(4) (com.x9ware.mapping.X9MappingManager.readXmlFile:174) 
2013-10-29 11:18:21.212 [INFO] Routing file(C:\Users\jjv\Documents\x9_assist\xml\routing.xml) is being opened (com.x9ware.tools.X9Jdom.getXmlDocument:268) 
2013-10-29 11:18:21.213 [INFO] Xml routing file has been loaded(C:\Users\jjv\Documents\x9_assist\xml\routing.xml) number of entries(2) (com.x9ware.routing.X9RoutingManager.readXmlFile:263) 
2013-10-29 11:18:21.213 [INFO] ModCheck file(C:\Users\jjv\Documents\x9_assist\xml\modCheck.xml) is being opened (com.x9ware.tools.X9Jdom.getXmlDocument:268) 
2013-10-29 11:18:21.214 [INFO] Xml modCheck file has been loaded(C:\Users\jjv\Documents\x9_assist\xml\modCheck.xml) number of entries(2) (com.x9ware.modcheck.X9ModCheckManager.readXmlFile:221) 
2013-10-29 11:18:21.262 [INFO] preferences file(C:\Users\jjv\Documents\x9_assist\xml\preferences_R2.07.2013.08.19.xml) is being opened (com.x9ware.tools.X9Jdom.getXmlDocument:268) 
2013-10-29 11:18:21.264 [INFO] preferencesfile (C:\Users\jjv\Documents\x9_assist\xml\preferences_R2.07.2013.08.19.xml) loaded for monitorSize(1920x1080) (com.x9ware.preferences.X9PreferencesXml.readXmlFile:207) 
2013-10-29 11:18:22.829 [INFO] startup: initializeClasses exit (com.x9ware.gui.X9GuiBase.initializeClasses:557) 
2013-10-29 11:18:22.830 [INFO] Folder(x9rules) mapping(C:\Program Files (x86)\X9Ware LLC\X9assist 2.07\rules\x9rules) (com.x9ware.options.X9OptionsManager.logFolderNameDuringStartup:473) 
2013-10-29 11:18:22.830 [INFO] Folder(tiffrules) mapping(C:\Program Files (x86)\X9Ware LLC\X9assist 2.07\rules\tiffrules) (com.x9ware.options.X9OptionsManager.logFolderNameDuringStartup:473) 
2013-10-29 11:18:22.830 [INFO] Folder(messages) mapping(C:\Program Files (x86)\X9Ware LLC\X9assist 2.07\rules\messages) (com.x9ware.options.X9OptionsManager.logFolderNameDuringStartup:473) 
2013-10-29 11:18:22.830 [INFO] Folder(options) mapping(C:\Users\jjv\Documents\x9_assist\xml\options) (com.x9ware.options.X9OptionsManager.logFolderNameDuringStartup:473) 
2013-10-29 11:18:22.831 [INFO] Folder(makeItems) mapping(C:\Users\jjv\Documents\x9_assist\xml\makeItems) (com.x9ware.options.X9OptionsManager.logFolderNameDuringStartup:473) 
2013-10-29 11:18:22.831 [INFO] Folder(scrub) mapping(C:\Users\jjv\Documents\x9_assist\xml\scrub) (com.x9ware.options.X9OptionsManager.logFolderNameDuringStartup:473) 
2013-10-29 11:18:22.831 [INFO] Folder(generate) mapping(C:\Users\jjv\Documents\x9_assist\xml\generate) (com.x9ware.options.X9OptionsManager.logFolderNameDuringStartup:473) 
2013-10-29 11:18:22.831 [INFO] Folder(proportional) mapping(C:\Program Files (x86)\X9Ware LLC\X9assist 2.07\fonts\proportional) (com.x9ware.options.X9OptionsManager.logFolderNameDuringStartup:473) 
2013-10-29 11:18:22.832 [INFO] Folder(nonproportional) mapping(C:\Program Files (x86)\X9Ware LLC\X9assist 2.07\fonts\nonproportional) (com.x9ware.options.X9OptionsManager.logFolderNameDuringStartup:473) 
2013-10-29 11:18:22.832 [INFO] Folder(handwriting) mapping(C:\Program Files (x86)\X9Ware LLC\X9assist 2.07\fonts\handwriting) (com.x9ware.options.X9OptionsManager.logFolderNameDuringStartup:473) 
2013-10-29 11:18:22.832 [INFO] Folder(micr) mapping(C:\Program Files (x86)\X9Ware LLC\X9assist 2.07\fonts\micr) (com.x9ware.options.X9OptionsManager.logFolderNameDuringStartup:473) 
2013-10-29 11:18:22.832 [INFO] Folder(routing) mapping(C:\Users\jjv\Documents\x9_assist\lists\routing) (com.x9ware.options.X9OptionsManager.logFolderNameDuringStartup:473) 
2013-10-29 11:18:22.833 [INFO] Folder(useCases) mapping(C:\Users\jjv\Documents\x9_assist\lists\useCases) (com.x9ware.options.X9OptionsManager.logFolderNameDuringStartup:473) 
2013-10-29 11:18:22.836 [INFO] X9Assist release(R2.07) build(2013.08.19) (com.x9ware.gui.X9GuiStart.initialize:212) 
2013-10-29 11:18:22.836 [INFO] LAUNCH_FOLDER(C:\Program Files (x86)\X9Ware LLC\X9assist 2.07) (com.x9ware.gui.X9GuiStart.initialize:219) 
2013-10-29 11:18:22.836 [INFO] applicationHomeFolder(C:\Users\jjv\Documents\x9_assist) (com.x9ware.gui.X9GuiStart.initialize:220) 
2013-10-29 11:18:22.837 [INFO] isJetCompiled(true) javaHome(C:\Program Files (x86)\X9Ware LLC\X9assist 2.07\rt) javaVersion(1.6.0_43) (com.x9ware.gui.X9GuiStart.initialize:221) 
2013-10-29 11:18:22.837 [INFO] Gui startup environment: Java is64Bit(true) total memory(35,640k) free memory(10,203k) (com.x9ware.gui.X9GuiStart.initialize:229) 
2013-10-29 11:18:22.838 [INFO] Ask once file(C:\Users\jjv\Documents\x9_assist\xml\askOnce.xml) is being opened (com.x9ware.tools.X9Jdom.getXmlDocument:268) 
2013-10-29 11:18:22.838 [INFO] x9 rules file(C:\Program Files (x86)\X9Ware LLC\X9assist 2.07\rules\x9rules\x9rules_x937.xml) is being opened (com.x9ware.tools.X9Jdom.getXmlDocument:268) 
2013-10-29 11:18:22.838 [INFO] Tiff rules file(C:\Program Files (x86)\X9Ware LLC\X9assist 2.07\rules\tiffrules\tiffrules.xml) is being opened (com.x9ware.tools.X9Jdom.getXmlDocument:268) 
2013-10-29 11:18:22.839 [INFO] Messages file(C:\Program Files (x86)\X9Ware LLC\X9assist 2.07\rules\messages\messages.xml) is being opened (com.x9ware.tools.X9Jdom.getXmlDocument:268) 
2013-10-29 11:18:22.839 [INFO] Options file already loaded(C:\Users\jjv\Documents\x9_assist\xml\options\options.xml) (com.x9ware.options.X9OptionsManager.readXmlFile:234) 
2013-10-29 11:18:22.841 [INFO] Xml ask once file has been loaded(C:\Users\jjv\Documents\x9_assist\xml\askOnce.xml) number of entries(0) (com.x9ware.main.X9AskOnce.readXmlFile:294) 
2013-10-29 11:18:22.841 [INFO] xml lookup table(C:\Program Files (x86)\X9Ware LLC\X9assist 2.07\rules\tables\ccdRegion.xml) is being opened (com.x9ware.tools.X9Jdom.getXmlDocument:268) 
2013-10-29 11:18:22.842 [INFO] TagManager static has been reset (com.x9ware.tag.X9TagManager.reset:87) 
2013-10-29 11:18:22.842 [INFO] xml table(C:\Program Files (x86)\X9Ware LLC\X9assist 2.07\rules\tables\ccdRegion.xml) entryCount(7) totalTables(0) (com.x9ware.records.X9XmlTable.readXmlFile:130) 
2013-10-29 11:18:22.842 [INFO] Tiff rules file loaded(C:\Program Files (x86)\X9Ware LLC\X9assist 2.07\rules\tiffrules\tiffrules.xml) (com.x9ware.tiff.X9TiffRules.readXmlFile:204) 
2013-10-29 11:18:22.842 [INFO] xml lookup table(C:\Program Files (x86)\X9Ware LLC\X9assist 2.07\rules\tables\ccdFI.xml) is being opened (com.x9ware.tools.X9Jdom.getXmlDocument:268) 
2013-10-29 11:18:22.843 [INFO] xml table(C:\Program Files (x86)\X9Ware LLC\X9assist 2.07\rules\tables\ccdFI.xml) entryCount(12) totalTables(1) (com.x9ware.records.X9XmlTable.readXmlFile:130) 
2013-10-29 11:18:22.844 [INFO] startup: task2 completed (com.x9ware.gui.X9GuiBase$2.run:602) 
2013-10-29 11:18:22.844 [INFO] Xml defined error message entries(189) (com.x9ware.message.X9MessageManager.readXmlFile:142) 
2013-10-29 11:18:22.845 [INFO] xml base document has been loaded(C:\Program Files (x86)\X9Ware LLC\X9assist 2.07\rules\x9rules\x9rules_x937.xml) (com.x9ware.records.X9Rules.loadBaseRules:410) 
2013-10-29 11:18:22.846 [INFO] Messages file loaded(C:\Program Files (x86)\X9Ware LLC\X9assist 2.07\rules\messages\messages.xml) (com.x9ware.message.X9MessageManager.readXmlFile:181) 
2013-10-29 11:18:22.847 [INFO] x9 rules file loaded(C:\Program Files (x86)\X9Ware LLC\X9assist 2.07\rules\x9rules\x9rules_x937.xml) (com.x9ware.records.X9Rules.readXmlFile:332) 
2013-10-29 11:18:22.848 [INFO] startup: task1 completed (com.x9ware.gui.X9GuiBase$1.run:583) 
2013-10-29 11:18:22.848 [INFO] startup: loadXmlFilesAtStartup exit (com.x9ware.gui.X9GuiBase.loadXmlFilesAtStartup:631) 
2013-10-29 11:18:22.848 [INFO] Check format file(C:\Users\jjv\Documents\x9_assist\xml\checkFormats.xml) is being opened (com.x9ware.tools.X9Jdom.getXmlDocument:268) 
2013-10-29 11:18:23.658 [INFO] Xml checkFormat file has been loaded(C:\Users\jjv\Documents\x9_assist\xml\checkFormats.xml) number of entries(2) (com.x9ware.imaging.X9CheckManager.readXmlFile:530) 
2013-10-29 11:18:23.865 [INFO] resident objects enabled for types 1 10 20 61 70 90 99 (com.x9ware.records.X9RulesManager.setIsTypeSpecificObjectResidentEnabled:577) 
2013-10-29 11:18:23.866 [INFO] file(C:\Users\jjv\Desktop\Deposit.X9) run_Option(0) (com.x9ware.main.X9Driver.<init>:205) 
2013-10-29 11:18:23.866 [INFO] TagManager static has been reset (com.x9ware.tag.X9TagManager.reset:87) 
2013-10-29 11:18:24.278 [INFO] purgeFiles from folder(C:\Users\jjv\Documents\x9_assist\log) retentionDays(2) and calculated expirationDate(2013/10/27) (com.x9ware.tools.X9Folder.purgeFilesFromFolder:162) 
2013-10-29 11:18:24.278 [INFO] Backup fileName for today(C:\Users\jjv\Documents\x9_assist\backup\Backup.XmlFile.20131029.zip) backupFileExists(true) backupOnEveryRun(false) (com.x9ware.tools.X9Backup.runBackup:106) 
2013-10-29 11:18:24.278 [INFO] after Loader; total memory(37,300k) free memory(3,702k) (com.x9ware.main.X9Driver.logMemoryUsage:731) 
2013-10-29 11:18:24.279 [INFO] purgeFiles from folder(C:\Users\jjv\Documents\x9_assist\backup) retentionDays(10) and calculated expirationDate(2013/10/19) (com.x9ware.tools.X9Folder.purgeFilesFromFolder:162) 
2013-10-29 11:18:24.279 [INFO] all image files are closed (com.x9ware.imaging.X9ImageReader.close:637) 
2013-10-29 11:18:24.279 [INFO] open for file(C:\Users\jjv\Desktop\Deposit.X9) (com.x9ware.imaging.X9ImageReader.open:604) 
2013-10-29 11:18:24.280 [INFO] purgeFiles filtered fileCount(0) folder(C:\Users\jjv\Documents\x9_assist\backup) (com.x9ware.tools.X9Folder.purgeFilesFromFolder:177) 
2013-10-29 11:18:24.280 [INFO] file backupCount(0) expired deleteCount(0) (com.x9ware.tools.X9Backup.runBackup:125) 
2013-10-29 11:18:24.281 [INFO] Read buffer allocated size(2049024) (com.x9ware.base.X9Reader.<init>:275) 
2013-10-29 11:18:24.282 [INFO] FileInputStream opened(C:\Users\jjv\Desktop\Deposit.X9) (com.x9ware.base.X9Reader.<init>:286) 
2013-10-29 11:18:24.282 [INFO] File(C:\Users\jjv\Desktop\Deposit.X9) (com.x9ware.event.X9BulletinManager.fireEvent:73) 
2013-10-29 11:18:24.284 [INFO] purgeFiles filtered fileCount(0) folder(C:\Users\jjv\Documents\x9_assist\log) (com.x9ware.tools.X9Folder.purgeFilesFromFolder:177) 
2013-10-29 11:18:24.284 [INFO] purgeFiles from folder(C:\Users\jjv\Documents\x9_assist\log) retentionDays(2) and calculated expirationDate(2013/10/27) (com.x9ware.tools.X9Folder.purgeFilesFromFolder:162) 
2013-10-29 11:18:24.284 [INFO] File header contains origination(044000037) destination(044000037) standardLevel(03) (com.x9ware.event.X9BulletinManager.fireEvent:73) 
2013-10-29 11:18:24.285 [INFO] Mapping key(all/all/all/all) structured as(origination/destination/standardsLevel/udcIndicator) (com.x9ware.config.X9Binder.bindToConfiguration:513) 
2013-10-29 11:18:24.285 [INFO] x9 rules file load already loaded(C:\Program Files (x86)\X9Ware LLC\X9assist 2.07\rules\x9rules\x9rules_x937.xml) (com.x9ware.records.X9Rules.readXmlFile:233) 
2013-10-29 11:18:24.285 [INFO] Messages file already loaded(C:\Program Files (x86)\X9Ware LLC\X9assist 2.07\rules\messages\messages.xml) (com.x9ware.message.X9MessageManager.readXmlFile:87) 
2013-10-29 11:18:24.285 [INFO] Tiff rules file already loaded(C:\Program Files (x86)\X9Ware LLC\X9assist 2.07\rules\tiffrules\tiffrules.xml) (com.x9ware.tiff.X9TiffRules.readXmlFile:174) 
2013-10-29 11:18:24.285 [INFO] Options file already loaded(C:\Users\jjv\Documents\x9_assist\xml\options\options.xml) (com.x9ware.options.X9OptionsManager.readXmlFile:234) 
2013-10-29 11:18:24.286 [INFO] purgeFiles filtered fileCount(0) folder(C:\Users\jjv\Documents\x9_assist\log) (com.x9ware.tools.X9Folder.purgeFilesFromFolder:177) 
2013-10-29 11:18:24.287 [INFO] Bind to configuration rules(x9.37) successful(yes) (com.x9ware.config.X9ConfigManager.loadXmlConfiguration:197) 
2013-10-29 11:18:24.287 [INFO] purgeFiles from folder(C:\Users\jjv\Documents\x9_assist\license) retentionDays(2) and calculated expirationDate(2013/10/27) (com.x9ware.tools.X9Folder.purgeFilesFromFolder:162) 
2013-10-29 11:18:24.287 [INFO] Bind to configuration rules(x9.37) (com.x9ware.event.X9BulletinManager.fireEvent:73) 
2013-10-29 11:18:24.287 [INFO] purgeFiles filtered fileCount(0) folder(C:\Users\jjv\Documents\x9_assist\license) (com.x9ware.tools.X9Folder.purgeFilesFromFolder:177) 
2013-10-29 11:18:24.287 [INFO] ==> x9rules(C:\Program Files (x86)\X9Ware LLC\X9assist 2.07\rules\x9rules\x9rules_x937.xml) (com.x9ware.config.X9Binder.bindToConfiguration:527) 
2013-10-29 11:18:24.287 [INFO] purgeFiles from folder(C:\Users\jjv\Documents\x9_assist\reports) retentionDays(3) and calculated expirationDate(2013/10/26) (com.x9ware.tools.X9Folder.purgeFilesFromFolder:162) 
2013-10-29 11:18:24.288 [INFO] ==> tiffrules(C:\Program Files (x86)\X9Ware LLC\X9assist 2.07\rules\tiffrules\tiffrules.xml) (com.x9ware.config.X9Binder.bindToConfiguration:527) 
2013-10-29 11:18:24.288 [INFO] ==> messages(C:\Program Files (x86)\X9Ware LLC\X9assist 2.07\rules\messages\messages.xml) (com.x9ware.config.X9Binder.bindToConfiguration:527) 
2013-10-29 11:18:24.288 [INFO] purgeFiles filtered fileCount(0) folder(C:\Users\jjv\Documents\x9_assist\reports) (com.x9ware.tools.X9Folder.purgeFilesFromFolder:177) 
2013-10-29 11:18:24.288 [INFO] ==> options(C:\Users\jjv\Documents\x9_assist\xml\options\options.xml) (com.x9ware.config.X9Binder.bindToConfiguration:527) 
2013-10-29 11:18:24.288 [INFO] purgeFiles from folder(C:\Users\jjv\Documents\x9_assist\reports) retentionDays(3) and calculated expirationDate(2013/10/26) (com.x9ware.tools.X9Folder.purgeFilesFromFolder:162) 
2013-10-29 11:18:24.288 [INFO] purgeFiles filtered fileCount(0) folder(C:\Users\jjv\Documents\x9_assist\reports) (com.x9ware.tools.X9Folder.purgeFilesFromFolder:177) 
2013-10-29 11:18:24.304 [INFO] File header contains origination(044000037) destination(044000037) standardLevel(03) (com.x9ware.event.X9BulletinManager.fireEvent:73) 
2013-10-29 11:18:24.305 [INFO] Mapping key(all/all/all/all) structured as(origination/destination/standardsLevel/udcIndicator) (com.x9ware.config.X9Binder.bindToConfiguration:513) 
2013-10-29 11:18:24.305 [INFO] Options file already loaded(C:\Users\jjv\Documents\x9_assist\xml\options\options.xml) (com.x9ware.options.X9OptionsManager.readXmlFile:234) 
2013-10-29 11:18:24.305 [INFO] x9 rules file load already loaded(C:\Program Files (x86)\X9Ware LLC\X9assist 2.07\rules\x9rules\x9rules_x937.xml) (com.x9ware.records.X9Rules.readXmlFile:233) 
2013-10-29 11:18:24.305 [INFO] Messages file already loaded(C:\Program Files (x86)\X9Ware LLC\X9assist 2.07\rules\messages\messages.xml) (com.x9ware.message.X9MessageManager.readXmlFile:87) 
2013-10-29 11:18:24.305 [INFO] Tiff rules file already loaded(C:\Program Files (x86)\X9Ware LLC\X9assist 2.07\rules\tiffrules\tiffrules.xml) (com.x9ware.tiff.X9TiffRules.readXmlFile:174) 
2013-10-29 11:18:24.306 [INFO] Bind to configuration rules(x9.37) successful(yes) (com.x9ware.config.X9ConfigManager.loadXmlConfiguration:197) 
2013-10-29 11:18:24.306 [INFO] Bind to configuration rules(x9.37) (com.x9ware.event.X9BulletinManager.fireEvent:73) 
2013-10-29 11:18:24.307 [INFO] ==> x9rules(C:\Program Files (x86)\X9Ware LLC\X9assist 2.07\rules\x9rules\x9rules_x937.xml) (com.x9ware.config.X9Binder.bindToConfiguration:527) 
2013-10-29 11:18:24.307 [INFO] ==> tiffrules(C:\Program Files (x86)\X9Ware LLC\X9assist 2.07\rules\tiffrules\tiffrules.xml) (com.x9ware.config.X9Binder.bindToConfiguration:527) 
2013-10-29 11:18:24.307 [INFO] ==> messages(C:\Program Files (x86)\X9Ware LLC\X9assist 2.07\rules\messages\messages.xml) (com.x9ware.config.X9Binder.bindToConfiguration:527) 
2013-10-29 11:18:24.307 [INFO] ==> options(C:\Users\jjv\Documents\x9_assist\xml\options\options.xml) (com.x9ware.config.X9Binder.bindToConfiguration:527) 
2013-10-29 11:18:24.308 [INFO] x9 file closed(C:\Users\jjv\Desktop\Deposit.X9) (com.x9ware.base.X9Reader.close:1504) 
2013-10-29 11:18:24.308 [INFO] Number of items added to X9Object Arraylist = 1057 (com.x9ware.main.X9Loader.loadFile:254) 
2013-10-29 11:18:24.308 [INFO] Number of times that input x9 Ebcdic data was stored(0) (com.x9ware.main.X9Loader.loadFile:259) 
2013-10-29 11:18:24.309 [INFO] Size(5 mb) character set(Ascii) field zero lengths(no) file timestamp(Tue Oct 29 11:18:12 MDT 2013) (com.x9ware.event.X9BulletinManager.fireEvent:73) 
2013-10-29 11:18:24.309 [INFO] File header creation date(20131029) time(0000) modifier() (com.x9ware.event.X9BulletinManager.fireEvent:73) 
2013-10-29 11:18:24.309 [INFO] Tag treeMap entries found(0) created (0) updated(0) (com.x9ware.tag.X9TagManager.close:94) 
2013-10-29 11:18:24.309 [INFO] after Loader; total memory(43,444k) free memory(3,254k) (com.x9ware.main.X9Driver.logMemoryUsage:731) 
2013-10-29 11:18:24.310 [INFO] after Reporter; total memory(43,444k) free memory(3,254k) (com.x9ware.main.X9Driver.logMemoryUsage:731) 
2013-10-29 11:18:24.310 [INFO] Gui refreshPanels entered(Tue Oct 29 11:18:24 MDT 2013) (com.x9ware.gui.X9GuiRun.refreshPanels:539) 
2013-10-29 11:18:24.310 [INFO] Number of x9 records(1057) (com.x9ware.base.X9ObjectManager.propagateCountsAndAmounts:306) 
2013-10-29 11:18:24.311 [INFO] Gui propogation completed(Tue Oct 29 11:18:24 MDT 2013) (com.x9ware.gui.X9GuiRun.refreshPanels:554) 
2013-10-29 11:18:24.311 [INFO] Number of nodes(217) in tree(ICL Viewer) (com.x9ware.ui.X9TreeUi.refreshTree:503) 
2013-10-29 11:18:24.313 [INFO] Gui icl tree refreshed(Tue Oct 29 11:18:24 MDT 2013) (com.x9ware.gui.X9GuiRun.refreshPanels:573) 
2013-10-29 11:18:24.341 [INFO] Gui record type report completed(Tue Oct 29 11:18:24 MDT 2013) (com.x9ware.gui.X9GuiRun.refreshPanels:627) 
2013-10-29 11:18:24.341 [INFO] Error maps created(0) and updated(0) summary errorMaps created(0) and updated(0) (com.x9ware.error.X9ErrorManager.logMetrics:476) 
2013-10-29 11:18:24.343 [INFO] No validations were performed: please consider an upgrade to X9Validator or X9Assist (com.x9ware.event.X9BulletinManager.fireEvent:73) 
2013-10-29 11:18:25.160 [INFO] Gui refreshPanels exit(Tue Oct 29 11:18:25 MDT 2013) (com.x9ware.gui.X9GuiRun.refreshPanels:766) 
2013-10-29 11:18:25.161 [INFO] after Reporter; total memory(82,356k) free memory(5,478k) (com.x9ware.main.X9Driver.logMemoryUsage:731) 
2013-10-29 11:18:25.161 [INFO] after Overall Run; total memory(82,356k) free memory(5,415k) (com.x9ware.main.X9Driver.logMemoryUsage:731) 
2013-10-29 11:18:25.161 [INFO] driver completed(successful) (com.x9ware.main.X9Driver$1.run:269) 
2013-10-29 14:03:31.419 [SEVERE] An exception has occurred in com.x9ware.imaging.x9imagereader. (com.x9ware.event.X9BulletinManager.fireEvent:65) 
2013-10-29 14:03:31.444 [SEVERE] com.x9ware.imaging.X9ImageReader.getRaf(X9ImageReader.java:569) (com.x9ware.event.X9BulletinManager.fireEvent:65) 
2013-10-29 14:03:31.444 [SEVERE] com.x9ware.imaging.X9ImageReader.readFile(X9ImageReader.java:314) (com.x9ware.event.X9BulletinManager.fireEvent:65) 
2013-10-29 14:03:31.445 [SEVERE] com.x9ware.imaging.X9ImageReader.readImageFromFile(X9ImageReader.java:287) (com.x9ware.event.X9BulletinManager.fireEvent:65) 
2013-10-29 14:03:31.445 [SEVERE] com.x9ware.imaging.X9ImageReader.readTiffImage(X9ImageReader.java:219) (com.x9ware.event.X9BulletinManager.fireEvent:65) 
2013-10-29 14:03:31.446 [SEVERE] com.x9ware.imaging.X9ImageReader.loadCheckImagesIntoTheCache(X9ImageReader.java:524) (com.x9ware.event.X9BulletinManager.fireEvent:65) 
2013-10-29 14:03:31.446 [SEVERE] com.x9ware.imaging.X9ImageReader.populateNearbyImagesIntoTheCache(X9ImageReader.java:475) (com.x9ware.event.X9BulletinManager.fireEvent:65) 
2013-10-29 14:03:31.447 [SEVERE] com.x9ware.imaging.X9ImageReader.access$0(X9ImageReader.java:455) (com.x9ware.event.X9BulletinManager.fireEvent:65) 
2013-10-29 14:03:31.448 [SEVERE] com.x9ware.imaging.X9ImageReader$1.run(X9ImageReader.java:433) (com.x9ware.event.X9BulletinManager.fireEvent:65) 
2013-10-29 14:03:31.448 [SEVERE] java.io.FileNotFoundException: C:\Users\jjv\Desktop\Deposit.X9 from class(com.x9ware.imaging.x9imagereader). (com.x9ware.gui.X9GuiAbort.logAndInformUser:116) 
com.x9ware.system.X9Exception: java.io.FileNotFoundException: C:\Users\jjv\Desktop\Deposit.X9
	at com.x9ware.imaging.X9ImageReader.getRaf(X9ImageReader.java:569)
	at com.x9ware.imaging.X9ImageReader.readFile(X9ImageReader.java:314)
	at com.x9ware.imaging.X9ImageReader.readImageFromFile(X9ImageReader.java:287)
	at com.x9ware.imaging.X9ImageReader.readTiffImage(X9ImageReader.java:219)
	at com.x9ware.imaging.X9ImageReader.loadCheckImagesIntoTheCache(X9ImageReader.java:524)
	at com.x9ware.imaging.X9ImageReader.populateNearbyImagesIntoTheCache(X9ImageReader.java:475)
	at com.x9ware.imaging.X9ImageReader.access$0(X9ImageReader.java:455)
	at com.x9ware.imaging.X9ImageReader$1.run(X9ImageReader.java:433)
	at java.util.concurrent.ThreadPoolExecutor$Worker.runTask(ThreadPoolExecutor$Worker.class)
	at java.util.concurrent.ThreadPoolExecutor$Worker.run(ThreadPoolExecutor$Worker.class)
	at java.lang.Thread.run(Thread.class)
Caused by: java.io.FileNotFoundException: C:\Users\jjv\Desktop\Deposit.X9
	at java.io.RandomAccessFile.open(Native Method)
	at java.io.RandomAccessFile.<init>(RandomAccessFile.class)
	at com.x9ware.imaging.X9ImageReader.getRaf(X9ImageReader.java:567)
	... 10 more
2013-10-29 14:03:31.460 [SEVERE] java.io.FileNotFoundException: C:\Users\jjv\Desktop\Deposit.X9 from class(com.x9ware.imaging.x9imagereader). (com.x9ware.event.X9BulletinManager.fireEvent:65) 
